2022/08/04 16:30:19;OK;Slip.pdf;
2022/08/04 16:30:21;OK;Cheque.pdf;
2022/08/04 16:56:31;OK;Slip.pdf;
2022/08/04 16:56:35;OK;Cheque.pdf;
2022/08/04 17:08:33;OK;Slip.pdf;
2022/08/04 17:08:36;OK;Cheque.pdf;
2022/08/04 17:09:22;OK;Slip.pdf;
2022/08/04 17:09:24;OK;Cheque.pdf;
2022/08/04 17:12:12;OK;Slip.pdf;
2022/08/04 17:12:14;OK;Cheque.pdf;
2022/08/04 17:22:49;OK;Slip.pdf;
2022/08/04 17:22:51;OK;Cheque.pdf;
2022/08/04 17:29:06;OK;Cheque.pdf;
2022/08/04 17:38:28;OK;Slip.pdf;
2022/08/04 17:38:29;OK;Cheque.pdf;
2022/08/04 17:47:43;OK;Slip.pdf;
2022/08/04 17:47:44;OK;Cheque.pdf;
2022/08/04 17:49:04;OK;Slip.pdf;
2022/08/04 17:49:05;OK;Cheque.pdf;
2022/08/04 17:57:24;OK;Slip.pdf;
2022/08/04 17:57:26;OK;Cheque.pdf;
2022/08/04 18:02:33;OK;Slip.pdf;
2022/08/04 18:02:34;OK;Cheque.pdf;
2022/08/04 18:37:06;OK;Slip.pdf;
2022/08/04 18:37:08;OK;Cheque.pdf;
2022/08/04 18:55:52;OK;Slip.pdf;
2022/08/04 18:55:54;OK;Cheque.pdf;
2022/08/04 19:00:17;OK;Slip.pdf;
2022/08/04 19:00:19;OK;Cheque.pdf;
2022/08/05 13:19:27;OK;Slip.pdf;
2022/08/05 13:19:29;OK;Cheque.pdf;
2022/08/05 13:23:00;OK;Slip.pdf;
2022/08/05 13:23:03;OK;Cheque.pdf;
2022/08/05 15:00:45;OK;Slip.pdf;
2022/08/05 15:00:48;OK;Cheque.pdf;
2022/08/05 15:11:54;OK;Slip.pdf;
2022/08/05 15:11:55;OK;Cheque.pdf;
2022/08/05 15:11:58;OK;Cheque.pdf;
2022/08/05 15:11:59;OK;Cheque.pdf;
2022/08/05 15:12:01;OK;Cheque.pdf;
2022/08/05 15:12:04;OK;Cheque.pdf;
2022/08/05 16:06:52;ERROR;Slip.pdf;error calling gsdll_Init! Resultcode:-100
2022/08/05 16:06:54;ERROR;Cheque.pdf;error calling gsdll_Init! Resultcode:-100
2022/08/05 16:08:47;OK;Slip.pdf;
2022/08/05 16:08:49;OK;Cheque.pdf;
2022/08/05 16:41:41;OK;Slip.pdf;
2022/08/05 16:41:43;OK;Cheque.pdf;
2022/08/05 16:46:55;OK;Slip.pdf;
2022/08/05 16:46:57;OK;Cheque.pdf;
2022/08/05 16:46:59;OK;Cheque.pdf;
2022/08/05 16:47:00;OK;Cheque.pdf;
2022/08/05 16:47:02;OK;Cheque.pdf;
2022/08/05 16:47:06;OK;Cheque.pdf;
2022/08/05 16:47:07;OK;Cheque.pdf;
2022/08/05 16:47:09;OK;Cheque.pdf;
2022/08/05 16:47:10;OK;Cheque.pdf;
2022/08/05 16:47:13;OK;Cheque.pdf;
2022/08/05 16:47:15;OK;Cheque.pdf;
2022/08/05 16:47:16;OK;Cheque.pdf;
2022/08/05 16:47:18;OK;Cheque.pdf;
2022/08/05 16:47:21;OK;Cheque.pdf;
2022/08/05 16:47:22;OK;Cheque.pdf;
2022/08/05 16:47:24;OK;Cheque.pdf;
2022/08/05 16:57:01;OK;Slip.pdf;
2022/08/05 16:57:04;OK;Cheque.pdf;
2022/08/05 16:57:06;OK;Cheque.pdf;
2022/08/05 16:57:08;OK;Cheque.pdf;
2022/08/05 16:57:09;OK;Cheque.pdf;
2022/08/05 16:57:12;OK;Cheque.pdf;
2022/08/05 16:57:13;OK;Cheque.pdf;
2022/08/05 16:57:15;OK;Cheque.pdf;
2022/08/05 16:57:16;OK;Cheque.pdf;
2022/08/05 16:57:19;OK;Cheque.pdf;
2022/08/05 16:57:20;OK;Cheque.pdf;
2022/08/05 16:57:22;OK;Cheque.pdf;
2022/08/05 16:57:24;OK;Cheque.pdf;
2022/08/05 16:57:27;OK;Cheque.pdf;
2022/08/05 16:57:29;OK;Cheque.pdf;
2022/08/05 16:57:30;OK;Cheque.pdf;
2022/08/05 16:57:32;OK;Cheque.pdf;
2022/08/05 16:57:34;OK;Cheque.pdf;
2022/08/05 16:57:36;OK;Cheque.pdf;
2022/08/05 16:57:38;OK;Cheque.pdf;
2022/08/05 16:57:40;OK;Cheque.pdf;
2022/08/05 16:57:42;OK;Cheque.pdf;
2022/08/05 16:57:43;OK;Cheque.pdf;
2022/08/05 16:57:46;OK;Cheque.pdf;
2022/08/05 16:57:47;OK;Cheque.pdf;
2022/08/05 16:57:49;OK;Cheque.pdf;
2022/08/05 16:57:50;OK;Cheque.pdf;
2022/08/05 16:57:53;OK;Cheque.pdf;
2022/08/05 16:57:55;OK;Cheque.pdf;
2022/08/05 16:57:58;OK;Cheque.pdf;
2022/08/05 16:57:59;OK;Cheque.pdf;
2022/08/05 17:05:26;OK;Slip.pdf;
2022/08/05 17:05:28;OK;Cheque.pdf;
2022/08/05 17:05:30;OK;Cheque.pdf;
2022/08/05 17:05:31;OK;Cheque.pdf;
2022/08/05 17:05:33;OK;Cheque.pdf;
2022/08/05 17:05:35;OK;Cheque.pdf;
2022/08/05 17:05:37;OK;Cheque.pdf;
2022/08/05 17:05:40;OK;Cheque.pdf;
2022/08/05 17:05:42;OK;Cheque.pdf;
2022/08/05 17:05:43;OK;Cheque.pdf;
2022/08/05 17:05:45;OK;Cheque.pdf;
2022/08/05 17:05:48;OK;Cheque.pdf;
2022/08/05 17:05:49;OK;Cheque.pdf;
2022/08/05 17:05:51;OK;Cheque.pdf;
2022/08/05 17:05:53;OK;Cheque.pdf;
2022/08/05 17:05:56;OK;Cheque.pdf;
2022/08/05 17:05:58;OK;Cheque.pdf;
2022/08/05 17:06:00;OK;Cheque.pdf;
2022/08/05 17:06:02;OK;Cheque.pdf;
2022/08/05 17:06:03;OK;Cheque.pdf;
2022/08/05 17:06:05;OK;Cheque.pdf;
2022/08/05 17:06:06;OK;Cheque.pdf;
2022/08/05 17:06:08;OK;Cheque.pdf;
2022/08/05 17:06:10;OK;Cheque.pdf;
2022/08/05 17:06:12;OK;Cheque.pdf;
2022/08/05 17:06:14;OK;Cheque.pdf;
2022/08/05 17:06:16;OK;Cheque.pdf;
2022/08/05 17:06:18;OK;Cheque.pdf;
2022/08/05 17:06:20;OK;Cheque.pdf;
2022/08/05 17:06:22;OK;Cheque.pdf;
2022/08/05 17:23:01;OK;Cheque.pdf;
2022/08/05 17:34:41;OK;Slip.pdf;
2022/08/05 17:34:43;OK;Cheque.pdf;
2022/08/05 17:34:45;OK;Cheque.pdf;
2022/08/05 17:34:46;OK;Cheque.pdf;
2022/08/05 17:34:48;OK;Cheque.pdf;
2022/08/05 17:34:50;OK;Cheque.pdf;
2022/08/05 17:34:52;OK;Cheque.pdf;
2022/08/05 17:34:54;OK;Cheque.pdf;
2022/08/05 17:34:56;OK;Cheque.pdf;
2022/08/05 17:34:57;OK;Cheque.pdf;
2022/08/05 17:34:59;OK;Cheque.pdf;
2022/08/05 17:35:00;OK;Cheque.pdf;
2022/08/05 17:35:02;OK;Cheque.pdf;
2022/08/05 17:35:05;OK;Cheque.pdf;
2022/08/05 17:35:06;OK;Cheque.pdf;
2022/08/05 17:35:08;OK;Cheque.pdf;
2022/08/05 17:35:09;OK;Cheque.pdf;
2022/08/05 17:35:12;OK;Cheque.pdf;
2022/08/05 17:35:14;OK;Cheque.pdf;
2022/08/05 17:35:16;OK;Cheque.pdf;
2022/08/05 17:35:17;OK;Cheque.pdf;
2022/08/05 17:35:19;OK;Cheque.pdf;
2022/08/05 17:35:22;OK;Cheque.pdf;
2022/08/05 17:35:24;OK;Cheque.pdf;
2022/08/05 17:35:26;OK;Cheque.pdf;
2022/08/05 17:35:27;OK;Cheque.pdf;
2022/08/05 17:35:30;OK;Cheque.pdf;
2022/08/05 17:35:31;OK;Cheque.pdf;
2022/08/05 17:35:33;OK;Cheque.pdf;
2022/08/05 17:35:35;OK;Cheque.pdf;
2022/08/05 17:35:38;OK;Cheque.pdf;
2022/08/05 17:44:06;OK;Slip.pdf;
2022/08/05 17:44:09;OK;Cheque.pdf;
2022/08/05 17:44:10;OK;Cheque.pdf;
2022/08/05 17:44:12;OK;Cheque.pdf;
2022/08/05 17:44:13;OK;Cheque.pdf;
2022/08/05 17:44:16;OK;Cheque.pdf;
2022/08/05 17:44:18;OK;Cheque.pdf;
2022/08/05 17:44:20;OK;Cheque.pdf;
2022/08/05 17:44:21;OK;Cheque.pdf;
2022/08/05 17:44:24;OK;Cheque.pdf;
2022/08/05 17:44:26;OK;Cheque.pdf;
2022/08/05 17:44:28;OK;Cheque.pdf;
2022/08/05 17:44:30;OK;Cheque.pdf;
2022/08/05 17:44:33;OK;Cheque.pdf;
2022/08/05 17:44:34;OK;Cheque.pdf;
2022/08/05 17:44:36;OK;Cheque.pdf;
2022/08/05 17:44:37;OK;Cheque.pdf;
2022/08/05 17:44:39;OK;Cheque.pdf;
2022/08/05 17:44:41;OK;Cheque.pdf;
2022/08/05 17:44:42;OK;Cheque.pdf;
2022/08/05 17:44:45;OK;Cheque.pdf;
2022/08/05 17:44:47;OK;Cheque.pdf;
2022/08/05 17:44:49;OK;Cheque.pdf;
2022/08/05 17:44:51;OK;Cheque.pdf;
2022/08/05 17:44:53;OK;Cheque.pdf;
2022/08/05 17:44:56;OK;Cheque.pdf;
2022/08/05 17:50:57;OK;Slip.pdf;
2022/08/05 17:50:58;OK;Cheque.pdf;
2022/08/05 17:51:00;OK;Cheque.pdf;
2022/08/05 17:51:01;OK;Cheque.pdf;
2022/08/05 17:51:02;OK;Cheque.pdf;
2022/08/05 17:51:04;OK;Cheque.pdf;
2022/08/05 17:51:05;OK;Cheque.pdf;
2022/08/05 17:51:06;OK;Cheque.pdf;
2022/08/05 17:51:08;OK;Cheque.pdf;
2022/08/05 17:51:09;OK;Cheque.pdf;
2022/08/05 17:51:11;OK;Cheque.pdf;
2022/08/05 17:51:12;OK;Cheque.pdf;
2022/08/05 17:51:13;OK;Cheque.pdf;
2022/08/05 17:51:14;OK;Cheque.pdf;
2022/08/05 17:51:16;OK;Cheque.pdf;
2022/08/05 17:51:17;OK;Cheque.pdf;
2022/08/05 17:54:19;OK;Slip.pdf;
2022/08/05 17:54:21;OK;Cheque.pdf;
2022/08/05 17:54:22;OK;Cheque.pdf;
2022/08/05 17:54:24;OK;Cheque.pdf;
2022/08/05 17:54:25;OK;Cheque.pdf;
2022/08/05 17:54:26;OK;Cheque.pdf;
2022/08/05 17:54:28;OK;Cheque.pdf;
2022/08/05 17:54:29;OK;Cheque.pdf;
2022/08/05 17:54:30;OK;Cheque.pdf;
2022/08/05 17:54:32;OK;Cheque.pdf;
2022/08/05 17:54:33;OK;Cheque.pdf;
2022/08/05 17:54:34;OK;Cheque.pdf;
2022/08/05 17:54:36;OK;Cheque.pdf;
2022/08/05 17:54:37;OK;Cheque.pdf;
2022/08/05 17:54:38;OK;Cheque.pdf;
2022/08/05 17:54:39;OK;Cheque.pdf;
2022/08/05 17:54:41;OK;Cheque.pdf;
2022/08/05 17:54:43;OK;Cheque.pdf;
2022/08/05 17:54:44;OK;Cheque.pdf;
2022/08/05 17:54:46;OK;Cheque.pdf;
2022/08/05 17:54:48;OK;Cheque.pdf;
2022/08/05 18:03:56;OK;Slip.pdf;
2022/08/05 18:03:57;OK;Cheque.pdf;
2022/08/05 18:03:58;OK;Cheque.pdf;
2022/08/05 18:03:59;OK;Cheque.pdf;
2022/08/05 18:04:01;OK;Cheque.pdf;
2022/08/05 18:04:02;OK;Cheque.pdf;
2022/08/05 18:04:04;OK;Cheque.pdf;
2022/08/05 18:04:05;OK;Cheque.pdf;
2022/08/05 18:04:06;OK;Cheque.pdf;
2022/08/05 18:04:08;OK;Cheque.pdf;
2022/08/05 18:04:09;OK;Cheque.pdf;
2022/08/05 18:04:11;OK;Cheque.pdf;
2022/08/05 18:04:12;OK;Cheque.pdf;
2022/08/05 18:04:14;OK;Cheque.pdf;
2022/08/05 18:04:15;OK;Cheque.pdf;
2022/08/05 18:04:17;OK;Cheque.pdf;
2022/08/05 18:10:27;OK;Slip.pdf;
2022/08/05 18:10:29;OK;Cheque.pdf;
2022/08/05 18:10:30;OK;Cheque.pdf;
2022/08/05 18:10:31;OK;Cheque.pdf;
2022/08/05 18:10:33;OK;Cheque.pdf;
2022/08/05 18:10:35;OK;Cheque.pdf;
2022/08/05 18:12:48;OK;Slip.pdf;
2022/08/05 18:12:49;OK;Cheque.pdf;
2022/08/05 18:12:51;OK;Cheque.pdf;
2022/08/05 18:12:52;OK;Cheque.pdf;
2022/08/05 18:12:53;OK;Cheque.pdf;
2022/08/05 18:12:54;OK;Cheque.pdf;
2022/08/05 18:12:56;OK;Cheque.pdf;
2022/08/05 18:12:57;OK;Cheque.pdf;
2022/08/05 18:12:58;OK;Cheque.pdf;
2022/08/05 18:13:00;OK;Cheque.pdf;
2022/08/05 18:13:03;OK;Cheque.pdf;
2022/08/05 18:13:04;OK;Cheque.pdf;
2022/08/05 18:13:06;OK;Cheque.pdf;
2022/08/05 18:13:07;OK;Cheque.pdf;
2022/08/05 18:13:09;OK;Cheque.pdf;
2022/08/05 18:13:12;OK;Cheque.pdf;
2022/08/05 18:13:14;OK;Cheque.pdf;
2022/08/05 18:13:15;OK;Cheque.pdf;
2022/08/05 18:13:17;OK;Cheque.pdf;
2022/08/05 18:13:18;OK;Cheque.pdf;
2022/08/05 18:13:22;OK;Cheque.pdf;
2022/08/05 18:19:01;OK;Slip.pdf;
2022/08/05 18:19:02;OK;Cheque.pdf;
2022/08/05 18:19:03;OK;Cheque.pdf;
2022/08/05 18:19:05;OK;Cheque.pdf;
2022/08/05 18:19:06;OK;Cheque.pdf;
2022/08/05 18:19:07;OK;Cheque.pdf;
2022/08/05 18:19:09;OK;Cheque.pdf;
2022/08/05 18:19:10;OK;Cheque.pdf;
2022/08/05 18:19:11;OK;Cheque.pdf;
2022/08/05 18:19:15;OK;Cheque.pdf;
2022/08/05 18:19:16;OK;Cheque.pdf;
2022/08/05 18:19:18;OK;Cheque.pdf;
2022/08/05 18:19:23;OK;Cheque.pdf;
2022/08/05 18:19:25;OK;Cheque.pdf;
2022/08/05 18:19:29;OK;Cheque.pdf;
2022/08/05 18:19:32;OK;Cheque.pdf;
2022/08/05 18:19:35;OK;Cheque.pdf;
2022/08/05 18:19:38;OK;Cheque.pdf;
2022/08/05 18:19:40;OK;Cheque.pdf;
2022/08/05 18:19:43;OK;Cheque.pdf;
2022/08/05 18:19:44;OK;Cheque.pdf;
2022/08/05 18:19:47;OK;Cheque.pdf;
2022/08/05 18:19:48;OK;Cheque.pdf;
2022/08/05 18:19:50;OK;Cheque.pdf;
2022/08/05 18:19:52;OK;Cheque.pdf;
2022/08/05 18:19:55;OK;Cheque.pdf;
2022/08/05 18:19:56;OK;Cheque.pdf;
2022/08/05 18:19:58;OK;Cheque.pdf;
2022/08/05 18:20:00;OK;Cheque.pdf;
2022/08/05 18:20:02;OK;Cheque.pdf;
2022/08/05 18:20:04;OK;Cheque.pdf;
2022/08/05 18:23:01;OK;Slip.pdf;
2022/08/05 18:23:03;OK;Cheque.pdf;
2022/08/05 18:23:04;OK;Cheque.pdf;
2022/08/05 18:23:06;OK;Cheque.pdf;
2022/08/05 18:23:07;OK;Cheque.pdf;
2022/08/05 18:23:08;OK;Cheque.pdf;
2022/08/05 18:23:10;OK;Cheque.pdf;
2022/08/05 18:23:11;OK;Cheque.pdf;
2022/08/05 18:23:12;OK;Cheque.pdf;
2022/08/05 18:23:13;OK;Cheque.pdf;
2022/08/05 18:23:15;OK;Cheque.pdf;
2022/08/05 18:23:16;OK;Cheque.pdf;
2022/08/05 18:23:17;OK;Cheque.pdf;
2022/08/05 18:23:19;OK;Cheque.pdf;
2022/08/05 18:23:20;OK;Cheque.pdf;
2022/08/05 18:23:21;OK;Cheque.pdf;
2022/08/05 18:23:22;OK;Cheque.pdf;
2022/08/05 18:23:24;OK;Cheque.pdf;
2022/08/05 18:23:25;OK;Cheque.pdf;
2022/08/05 18:23:26;OK;Cheque.pdf;
2022/08/05 18:23:28;OK;Cheque.pdf;
2022/08/05 18:23:29;OK;Cheque.pdf;
2022/08/05 18:23:30;OK;Cheque.pdf;
2022/08/05 18:23:31;OK;Cheque.pdf;
2022/08/05 18:23:33;OK;Cheque.pdf;
2022/08/05 18:23:34;OK;Cheque.pdf;
2022/08/05 18:23:36;OK;Cheque.pdf;
2022/08/05 18:23:39;OK;Cheque.pdf;
2022/08/05 18:23:40;OK;Cheque.pdf;
2022/08/05 18:23:41;OK;Cheque.pdf;
2022/08/05 18:23:43;OK;Cheque.pdf;
2022/08/05 18:27:10;OK;Slip.pdf;
2022/08/05 18:27:12;OK;Cheque.pdf;
2022/08/05 18:27:13;OK;Cheque.pdf;
2022/08/05 18:27:14;OK;Cheque.pdf;
2022/08/05 18:27:16;OK;Cheque.pdf;
2022/08/05 18:27:17;OK;Cheque.pdf;
2022/08/05 18:27:19;OK;Cheque.pdf;
2022/08/05 18:27:20;OK;Cheque.pdf;
2022/08/05 18:27:21;OK;Cheque.pdf;
2022/08/05 18:27:22;OK;Cheque.pdf;
2022/08/05 18:27:24;OK;Cheque.pdf;
2022/08/05 18:27:25;OK;Cheque.pdf;
2022/08/05 18:27:26;OK;Cheque.pdf;
2022/08/05 18:27:28;OK;Cheque.pdf;
2022/08/05 18:27:29;OK;Cheque.pdf;
2022/08/05 18:27:31;OK;Cheque.pdf;
2022/08/05 18:27:32;OK;Cheque.pdf;
2022/08/05 18:27:33;OK;Cheque.pdf;
2022/08/05 18:27:35;OK;Cheque.pdf;
2022/08/05 18:27:36;OK;Cheque.pdf;
2022/08/05 18:27:37;OK;Cheque.pdf;
2022/08/05 18:27:39;OK;Cheque.pdf;
2022/08/05 18:27:40;OK;Cheque.pdf;
2022/08/05 18:27:41;OK;Cheque.pdf;
2022/08/05 18:27:43;OK;Cheque.pdf;
2022/08/05 18:27:46;OK;Cheque.pdf;
2022/08/05 18:27:48;OK;Cheque.pdf;
2022/08/05 18:27:49;OK;Cheque.pdf;
2022/08/05 18:27:51;OK;Cheque.pdf;
2022/08/05 18:27:53;OK;Cheque.pdf;
2022/08/05 18:27:54;OK;Cheque.pdf;
2022/08/05 18:30:38;OK;Slip.pdf;
2022/08/05 18:30:39;OK;Cheque.pdf;
2022/08/05 18:30:41;OK;Cheque.pdf;
2022/08/05 18:30:42;OK;Cheque.pdf;
2022/08/05 18:30:44;OK;Cheque.pdf;
2022/08/05 18:30:45;OK;Cheque.pdf;
2022/08/05 18:30:46;OK;Cheque.pdf;
2022/08/05 18:30:47;OK;Cheque.pdf;
2022/08/05 18:30:49;OK;Cheque.pdf;
2022/08/05 18:30:50;OK;Cheque.pdf;
2022/08/05 18:30:52;OK;Cheque.pdf;
2022/08/05 18:30:53;OK;Cheque.pdf;
2022/08/05 18:30:54;OK;Cheque.pdf;
2022/08/05 18:30:55;OK;Cheque.pdf;
2022/08/05 18:30:57;OK;Cheque.pdf;
2022/08/05 18:30:58;OK;Cheque.pdf;
2022/08/05 18:30:59;OK;Cheque.pdf;
2022/08/05 18:31:01;OK;Cheque.pdf;
2022/08/05 18:31:02;OK;Cheque.pdf;
2022/08/05 18:31:03;OK;Cheque.pdf;
2022/08/05 18:31:05;OK;Cheque.pdf;
2022/08/05 18:31:06;OK;Cheque.pdf;
2022/08/05 18:31:07;OK;Cheque.pdf;
2022/08/05 18:31:09;OK;Cheque.pdf;
2022/08/05 18:31:10;OK;Cheque.pdf;
2022/08/05 18:31:11;OK;Cheque.pdf;
2022/08/05 18:31:13;OK;Cheque.pdf;
2022/08/05 18:31:14;OK;Cheque.pdf;
2022/08/05 18:31:16;OK;Cheque.pdf;
2022/08/05 18:31:19;OK;Cheque.pdf;
2022/08/05 18:31:20;OK;Cheque.pdf;
2022/08/06 11:01:21;OK;Slip.pdf;
2022/08/06 11:01:23;OK;Cheque.pdf;
2022/08/06 11:01:24;OK;Cheque.pdf;
2022/08/06 11:01:26;OK;Cheque.pdf;
2022/08/06 11:01:28;OK;Cheque.pdf;
2022/08/06 11:01:30;OK;Cheque.pdf;
2022/08/06 12:45:20;OK;Slip.pdf;
2022/08/06 12:45:28;OK;Cheque.pdf;
2022/08/06 12:45:31;OK;Cheque.pdf;
2022/08/06 12:45:33;OK;Cheque.pdf;
2022/08/06 12:45:36;OK;Cheque.pdf;
2022/08/06 12:45:39;OK;Cheque.pdf;
2022/08/06 12:45:41;OK;Cheque.pdf;
2022/08/06 12:45:42;OK;Cheque.pdf;
2022/08/06 12:45:45;OK;Cheque.pdf;
2022/08/06 12:45:46;OK;Cheque.pdf;
2022/08/06 12:45:49;OK;Cheque.pdf;
2022/08/06 12:45:52;OK;Cheque.pdf;
2022/08/06 12:45:54;OK;Cheque.pdf;
2022/08/06 12:45:55;OK;Cheque.pdf;
2022/08/06 12:45:58;OK;Cheque.pdf;
2022/08/06 12:46:00;OK;Cheque.pdf;
2022/08/06 12:46:02;OK;Cheque.pdf;
2022/08/06 12:46:04;OK;Cheque.pdf;
2022/08/06 12:46:07;OK;Cheque.pdf;
2022/08/06 12:46:09;OK;Cheque.pdf;
2022/08/06 12:46:10;OK;Cheque.pdf;
2022/08/06 12:46:12;OK;Cheque.pdf;
2022/08/06 12:46:16;OK;Cheque.pdf;
2022/08/06 12:46:17;OK;Cheque.pdf;
2022/08/06 12:46:19;OK;Cheque.pdf;
2022/08/06 12:46:23;OK;Cheque.pdf;
2022/08/06 12:46:24;OK;Cheque.pdf;
2022/08/06 12:46:25;OK;Cheque.pdf;
2022/08/06 12:46:28;OK;Cheque.pdf;
2022/08/06 12:46:31;OK;Cheque.pdf;
2022/08/06 12:46:33;OK;Cheque.pdf;
2022/08/06 12:54:10;OK;Slip.pdf;
2022/08/06 12:54:13;OK;Cheque.pdf;
2022/08/06 12:54:15;OK;Cheque.pdf;
2022/08/06 12:54:16;OK;Cheque.pdf;
2022/08/06 12:54:20;OK;Cheque.pdf;
2022/08/06 12:54:22;OK;Cheque.pdf;
2022/08/06 12:54:25;OK;Cheque.pdf;
2022/08/06 12:54:26;OK;Cheque.pdf;
2022/08/06 12:54:28;OK;Cheque.pdf;
2022/08/06 12:54:30;OK;Cheque.pdf;
2022/08/06 12:54:32;OK;Cheque.pdf;
2022/08/06 12:54:34;OK;Cheque.pdf;
2022/08/06 12:54:37;OK;Cheque.pdf;
2022/08/06 12:54:38;OK;Cheque.pdf;
2022/08/06 12:54:44;OK;Cheque.pdf;
2022/08/06 12:54:45;OK;Cheque.pdf;
2022/08/06 12:54:48;OK;Cheque.pdf;
2022/08/06 12:54:50;OK;Cheque.pdf;
2022/08/06 12:54:51;OK;Cheque.pdf;
2022/08/06 12:54:53;OK;Cheque.pdf;
2022/08/06 12:54:55;OK;Cheque.pdf;
2022/08/06 13:07:04;OK;Slip.pdf;
2022/08/06 13:07:06;OK;Cheque.pdf;
2022/08/06 13:07:08;OK;Cheque.pdf;
2022/08/06 13:07:10;OK;Cheque.pdf;
2022/08/06 13:07:11;OK;Cheque.pdf;
2022/08/06 13:07:12;OK;Cheque.pdf;
2022/08/06 13:12:13;OK;Cheque.pdf;
2022/08/06 13:12:15;OK;Cheque.pdf;
2022/08/06 13:12:18;OK;Cheque.pdf;
2022/08/06 13:12:20;OK;Cheque.pdf;
2022/08/06 13:12:21;OK;Cheque.pdf;
2022/08/06 13:12:23;OK;Cheque.pdf;
2022/08/06 13:12:24;OK;Cheque.pdf;
2022/08/06 13:12:25;OK;Cheque.pdf;
2022/08/06 13:12:27;OK;Cheque.pdf;
2022/08/06 13:12:28;OK;Cheque.pdf;
2022/08/06 13:12:30;OK;Cheque.pdf;
2022/08/06 13:12:32;OK;Cheque.pdf;
2022/08/06 13:12:33;OK;Cheque.pdf;
2022/08/06 13:12:36;OK;Cheque.pdf;
2022/08/06 13:12:37;OK;Cheque.pdf;
2022/08/06 13:12:39;OK;Cheque.pdf;
2022/08/06 13:12:41;OK;Cheque.pdf;
2022/08/06 13:12:43;OK;Cheque.pdf;
2022/08/06 13:12:44;OK;Cheque.pdf;
2022/08/06 13:12:46;OK;Cheque.pdf;
2022/08/06 13:19:01;OK;Slip.pdf;
2022/08/06 13:19:07;OK;Cheque.pdf;
2022/08/06 13:19:09;OK;Cheque.pdf;
2022/08/06 13:19:10;OK;Cheque.pdf;
2022/08/06 13:19:13;OK;Cheque.pdf;
2022/08/06 13:19:14;OK;Cheque.pdf;
2022/08/06 13:19:17;OK;Cheque.pdf;
2022/08/06 13:19:20;OK;Cheque.pdf;
2022/08/06 13:19:23;OK;Cheque.pdf;
2022/08/06 13:19:25;OK;Cheque.pdf;
2022/08/06 13:19:26;OK;Cheque.pdf;
2022/08/06 13:19:27;OK;Cheque.pdf;
2022/08/06 13:19:29;OK;Cheque.pdf;
2022/08/06 13:19:32;OK;Cheque.pdf;
2022/08/06 13:19:35;OK;Cheque.pdf;
2022/08/06 13:19:38;OK;Cheque.pdf;
2022/08/06 13:19:40;OK;Cheque.pdf;
2022/08/06 13:19:43;OK;Cheque.pdf;
2022/08/06 13:19:46;OK;Cheque.pdf;
2022/08/06 13:19:47;OK;Cheque.pdf;
2022/08/06 13:19:51;OK;Cheque.pdf;
2022/08/06 13:19:53;OK;Cheque.pdf;
2022/08/06 13:19:56;OK;Cheque.pdf;
2022/08/06 13:19:58;OK;Cheque.pdf;
2022/08/06 13:20:01;OK;Cheque.pdf;
2022/08/06 13:20:03;OK;Cheque.pdf;
2022/08/06 13:20:07;OK;Cheque.pdf;
2022/08/06 13:20:10;OK;Cheque.pdf;
2022/08/06 13:20:13;OK;Cheque.pdf;
2022/08/06 13:20:16;OK;Cheque.pdf;
2022/08/06 13:20:17;OK;Cheque.pdf;
2022/08/06 13:24:51;OK;Cheque.pdf;
2022/08/06 13:24:52;OK;Cheque.pdf;
2022/08/06 13:24:53;OK;Cheque.pdf;
2022/08/06 13:24:55;OK;Cheque.pdf;
2022/08/06 13:24:56;OK;Cheque.pdf;
2022/08/06 13:24:57;OK;Cheque.pdf;
2022/08/06 13:24:59;OK;Cheque.pdf;
2022/08/06 13:25:00;OK;Cheque.pdf;
2022/08/06 13:25:02;OK;Cheque.pdf;
2022/08/06 13:25:03;OK;Cheque.pdf;
2022/08/06 13:25:05;OK;Cheque.pdf;
2022/08/06 13:25:07;OK;Cheque.pdf;
2022/08/06 13:25:09;OK;Cheque.pdf;
2022/08/06 13:25:10;OK;Cheque.pdf;
2022/08/06 13:25:11;OK;Cheque.pdf;
2022/08/06 13:25:13;OK;Cheque.pdf;
2022/08/06 13:25:15;OK;Cheque.pdf;
2022/08/06 13:25:16;OK;Cheque.pdf;
2022/08/06 13:25:17;OK;Cheque.pdf;
2022/08/06 13:25:19;OK;Cheque.pdf;
2022/08/06 13:25:21;OK;Cheque.pdf;
2022/08/06 13:25:22;OK;Cheque.pdf;
2022/08/06 13:25:24;OK;Cheque.pdf;
2022/08/06 13:25:26;OK;Cheque.pdf;
2022/08/06 13:25:27;OK;Cheque.pdf;
2022/08/06 13:25:28;OK;Cheque.pdf;
2022/08/06 13:25:30;OK;Cheque.pdf;
2022/08/06 13:25:32;OK;Cheque.pdf;
2022/08/06 13:25:33;OK;Cheque.pdf;
2022/08/06 13:25:35;OK;Cheque.pdf;
2022/08/08 12:51:38;OK;Slip.pdf;
2022/08/08 12:51:40;OK;Cheque.pdf;
2022/08/08 12:51:42;OK;Cheque.pdf;
2022/08/08 12:51:43;OK;Cheque.pdf;
2022/08/08 12:51:44;OK;Cheque.pdf;
2022/08/08 12:51:46;OK;Cheque.pdf;
2022/08/09 17:33:02;OK;Slip.pdf;
2022/08/09 17:33:03;OK;Cheque.pdf;
2022/08/09 17:33:05;OK;Cheque.pdf;
2022/08/09 17:33:06;OK;Cheque.pdf;
2022/08/09 17:33:07;OK;Cheque.pdf;
2022/08/09 17:33:08;OK;Cheque.pdf;
2022/08/09 17:33:09;OK;Cheque.pdf;
2022/08/09 17:33:11;OK;Cheque.pdf;
2022/08/09 17:33:12;OK;Cheque.pdf;
2022/08/09 17:33:13;OK;Cheque.pdf;
2022/08/09 17:33:14;OK;Cheque.pdf;
2022/08/09 17:34:07;OK;Slip.pdf;
2022/08/09 17:34:08;OK;Cheque.pdf;
2022/08/09 17:34:09;OK;Cheque.pdf;
2022/08/09 17:34:10;OK;Cheque.pdf;
2022/08/09 17:34:12;OK;Cheque.pdf;
2022/08/09 17:34:13;OK;Cheque.pdf;
2022/08/09 17:34:14;OK;Cheque.pdf;
2022/08/09 17:34:15;OK;Cheque.pdf;
2022/08/09 17:34:16;OK;Cheque.pdf;
2022/08/09 17:34:18;OK;Cheque.pdf;
2022/08/09 17:34:19;OK;Cheque.pdf;
2022/08/09 17:45:56;OK;Slip.pdf;
2022/08/09 17:45:57;OK;Cheque.pdf;
2022/08/09 17:45:59;OK;Cheque.pdf;
2022/08/09 17:46:00;OK;Cheque.pdf;
2022/08/09 17:46:02;OK;Cheque.pdf;
2022/08/09 17:46:03;OK;Cheque.pdf;
2022/08/09 17:46:05;OK;Cheque.pdf;
2022/08/09 17:46:06;OK;Cheque.pdf;
2022/08/09 17:46:07;OK;Cheque.pdf;
2022/08/09 17:46:09;OK;Cheque.pdf;
2022/08/09 17:46:10;OK;Cheque.pdf;
2022/08/09 17:46:12;OK;Cheque.pdf;
2022/08/09 17:46:13;OK;Cheque.pdf;
2022/08/09 17:46:15;OK;Cheque.pdf;
2022/08/09 17:46:16;OK;Cheque.pdf;
2022/08/09 17:46:18;OK;Cheque.pdf;
2022/08/09 17:46:19;OK;Cheque.pdf;
2022/08/09 17:46:20;OK;Cheque.pdf;
2022/08/09 17:46:22;OK;Cheque.pdf;
2022/08/09 17:46:23;OK;Cheque.pdf;
2022/08/09 17:46:25;OK;Cheque.pdf;
2022/08/09 17:46:26;OK;Cheque.pdf;
2022/08/09 17:46:28;OK;Cheque.pdf;
2022/08/09 17:46:29;OK;Cheque.pdf;
2022/08/09 17:46:31;OK;Cheque.pdf;
2022/08/09 17:46:32;OK;Cheque.pdf;
2022/08/09 17:46:34;OK;Cheque.pdf;
2022/08/09 17:46:35;OK;Cheque.pdf;
2022/08/09 17:46:36;OK;Cheque.pdf;
2022/08/09 17:46:38;OK;Cheque.pdf;
2022/08/09 17:46:40;OK;Cheque.pdf;
2022/08/09 18:15:48;OK;Slip.pdf;
2022/08/09 18:15:51;OK;Cheque.pdf;
2022/08/09 18:15:53;OK;Cheque.pdf;
2022/08/09 18:15:55;OK;Cheque.pdf;
2022/08/09 18:16:00;OK;Cheque.pdf;
2022/08/09 18:16:02;OK;Cheque.pdf;
2022/08/09 18:20:46;OK;Slip.pdf;
2022/08/09 18:20:50;OK;Cheque.pdf;
2022/08/09 18:20:55;OK;Cheque.pdf;
2022/08/09 18:20:57;OK;Cheque.pdf;
2022/08/09 18:21:00;OK;Cheque.pdf;
2022/08/09 18:21:02;OK;Cheque.pdf;
2022/08/09 18:21:06;OK;Cheque.pdf;
2022/08/09 18:21:09;OK;Cheque.pdf;
2022/08/09 18:21:10;OK;Cheque.pdf;
2022/08/09 18:21:13;OK;Cheque.pdf;
2022/08/09 18:21:16;OK;Cheque.pdf;
2022/08/09 18:23:43;OK;Slip.pdf;
2022/08/09 18:23:49;OK;Cheque.pdf;
2022/08/09 18:23:52;OK;Cheque.pdf;
2022/08/09 18:23:54;OK;Cheque.pdf;
2022/08/09 18:23:59;OK;Cheque.pdf;
2022/08/09 18:24:01;OK;Cheque.pdf;
2022/08/09 18:24:02;OK;Cheque.pdf;
2022/08/09 18:24:03;OK;Cheque.pdf;
2022/08/09 18:24:05;OK;Cheque.pdf;
2022/08/09 18:24:08;OK;Cheque.pdf;
2022/08/09 18:24:10;OK;Cheque.pdf;
2022/08/09 18:24:12;OK;Cheque.pdf;
2022/08/09 18:24:14;OK;Cheque.pdf;
2022/08/09 18:24:15;OK;Cheque.pdf;
2022/08/09 18:24:17;OK;Cheque.pdf;
2022/08/09 18:24:19;OK;Cheque.pdf;
2022/08/09 18:24:20;OK;Cheque.pdf;
2022/08/09 18:24:22;OK;Cheque.pdf;
2022/08/09 18:24:24;OK;Cheque.pdf;
2022/08/09 18:24:27;OK;Cheque.pdf;
2022/08/09 18:24:30;OK;Cheque.pdf;
2022/08/09 18:28:24;OK;Slip.pdf;
2022/08/09 18:28:26;OK;Cheque.pdf;
2022/08/09 18:28:28;OK;Cheque.pdf;
2022/08/09 18:28:30;OK;Cheque.pdf;
2022/08/09 18:28:31;OK;Cheque.pdf;
2022/08/09 18:28:33;OK;Cheque.pdf;
2022/08/09 18:28:34;OK;Cheque.pdf;
2022/08/09 18:28:35;OK;Cheque.pdf;
2022/08/09 18:28:37;OK;Cheque.pdf;
2022/08/09 18:28:39;OK;Cheque.pdf;
2022/08/09 18:28:41;OK;Cheque.pdf;
2022/08/09 18:28:43;OK;Cheque.pdf;
2022/08/09 18:28:45;OK;Cheque.pdf;
2022/08/09 18:28:47;OK;Cheque.pdf;
2022/08/09 18:28:48;OK;Cheque.pdf;
2022/08/09 18:28:50;OK;Cheque.pdf;
2022/08/09 18:28:52;OK;Cheque.pdf;
2022/08/09 18:28:53;OK;Cheque.pdf;
2022/08/09 18:28:55;OK;Cheque.pdf;
2022/08/09 18:28:56;OK;Cheque.pdf;
2022/08/09 18:28:57;OK;Cheque.pdf;
2022/08/09 18:28:59;OK;Cheque.pdf;
2022/08/09 18:29:00;OK;Cheque.pdf;
2022/08/09 18:29:01;OK;Cheque.pdf;
2022/08/09 18:29:03;OK;Cheque.pdf;
2022/08/09 18:29:04;OK;Cheque.pdf;
2022/08/09 18:29:06;OK;Cheque.pdf;
2022/08/09 18:29:07;OK;Cheque.pdf;
2022/08/09 18:29:09;OK;Cheque.pdf;
2022/08/09 18:29:11;OK;Cheque.pdf;
2022/08/09 18:29:12;OK;Cheque.pdf;
2022/08/10 15:16:59;OK;Slip.pdf;
2022/08/10 15:17:01;OK;Cheque.pdf;
2022/08/10 15:17:03;OK;Cheque.pdf;
2022/08/10 15:17:04;OK;Cheque.pdf;
2022/08/10 15:17:05;OK;Cheque.pdf;
2022/08/10 15:17:07;OK;Cheque.pdf;
2022/08/10 15:17:08;OK;Cheque.pdf;
2022/08/10 15:17:09;OK;Cheque.pdf;
2022/08/10 15:17:11;OK;Cheque.pdf;
2022/08/10 15:17:12;OK;Cheque.pdf;
2022/08/10 15:17:13;OK;Cheque.pdf;
2022/08/10 15:17:14;OK;Cheque.pdf;
2022/08/10 15:17:16;OK;Cheque.pdf;
2022/08/10 15:17:17;OK;Cheque.pdf;
2022/08/10 15:17:18;OK;Cheque.pdf;
2022/08/10 15:17:19;OK;Cheque.pdf;
2022/08/10 15:17:21;OK;Cheque.pdf;
2022/08/10 15:17:23;OK;Cheque.pdf;
2022/08/10 15:17:24;OK;Cheque.pdf;
2022/08/10 15:17:25;OK;Cheque.pdf;
2022/08/10 15:17:27;OK;Cheque.pdf;
2022/08/10 15:17:29;OK;Cheque.pdf;
2022/08/10 15:17:31;OK;Cheque.pdf;
2022/08/10 15:17:32;OK;Cheque.pdf;
2022/08/10 15:17:34;OK;Cheque.pdf;
2022/08/10 15:17:35;OK;Cheque.pdf;
2022/08/10 15:17:37;OK;Cheque.pdf;
2022/08/10 15:17:39;OK;Cheque.pdf;
2022/08/10 15:17:41;OK;Cheque.pdf;
2022/08/10 15:17:43;OK;Cheque.pdf;
2022/08/10 15:17:44;OK;Cheque.pdf;
2022/08/10 15:17:45;OK;Cheque.pdf;
2022/08/10 15:17:46;OK;Cheque.pdf;
2022/08/10 15:17:48;OK;Cheque.pdf;
2022/08/10 15:17:49;OK;Cheque.pdf;
2022/08/10 15:17:50;OK;Cheque.pdf;
2022/08/10 15:17:52;OK;Cheque.pdf;
2022/08/10 15:17:53;OK;Cheque.pdf;
2022/08/10 15:17:55;OK;Cheque.pdf;
2022/08/10 15:17:56;OK;Cheque.pdf;
2022/08/10 15:17:57;OK;Cheque.pdf;
2022/08/10 15:17:58;OK;Cheque.pdf;
2022/08/10 15:18:00;OK;Cheque.pdf;
2022/08/10 15:18:02;OK;Cheque.pdf;
2022/08/10 15:18:04;OK;Cheque.pdf;
2022/08/10 15:18:05;OK;Cheque.pdf;
2022/08/10 15:18:07;OK;Cheque.pdf;
2022/08/10 15:18:10;OK;Cheque.pdf;
2022/08/10 15:18:13;OK;Cheque.pdf;
2022/08/10 15:18:14;OK;Cheque.pdf;
2022/08/10 15:18:15;OK;Cheque.pdf;
2022/08/10 15:18:17;OK;Cheque.pdf;
2022/08/10 15:18:18;OK;Cheque.pdf;
2022/08/10 15:18:20;OK;Cheque.pdf;
2022/08/10 15:18:21;OK;Cheque.pdf;
2022/08/10 15:18:22;OK;Cheque.pdf;
2022/08/10 15:18:24;OK;Cheque.pdf;
2022/08/10 15:18:25;OK;Cheque.pdf;
2022/08/10 15:18:27;OK;Cheque.pdf;
2022/08/10 15:18:29;OK;Cheque.pdf;
2022/08/10 15:18:30;OK;Cheque.pdf;
2023/07/10 18:44:35;OK;Slip.pdf;
2023/07/10 18:44:42;OK;Cheque.pdf;
2023/07/10 18:44:49;OK;Cheque.pdf;
2023/07/10 18:44:56;OK;Cheque.pdf;
2023/07/10 18:45:03;OK;Cheque.pdf;
2023/07/10 18:51:52;OK;Cheque.pdf;
2023/07/10 18:53:04;OK;Cheque.pdf;
2023/07/10 18:54:20;OK;Cheque.pdf;
2023/07/10 19:07:43;OK;Cheque.pdf;
2023/07/10 19:16:13;OK;Cheque.pdf;
2023/07/10 19:21:47;OK;Slip.pdf;
2023/07/10 19:21:57;OK;Cheque.pdf;
2023/07/10 19:22:04;OK;Cheque.pdf;
2023/07/10 19:22:12;OK;Cheque.pdf;
2023/07/10 19:22:19;OK;Cheque.pdf;
2023/07/10 19:22:25;OK;Cheque.pdf;
2023/07/10 19:22:32;OK;Cheque.pdf;
2023/07/10 19:22:39;OK;Cheque.pdf;
2023/07/10 19:22:46;OK;Cheque.pdf;
2023/07/10 19:22:53;OK;Cheque.pdf;
2023/07/10 19:23:00;OK;Cheque.pdf;
2023/07/10 19:23:07;OK;Cheque.pdf;
2023/07/10 19:23:14;OK;Cheque.pdf;
2023/07/10 19:23:21;OK;Cheque.pdf;
2023/07/10 19:23:28;OK;Cheque.pdf;
2023/07/10 19:23:35;OK;Cheque.pdf;
2023/07/10 19:23:41;OK;Cheque.pdf;
2023/07/10 19:23:48;OK;Cheque.pdf;
2023/07/10 19:23:55;OK;Cheque.pdf;
2023/07/10 19:24:02;OK;Cheque.pdf;
2023/07/10 19:24:09;OK;Cheque.pdf;
2023/07/10 19:24:16;OK;Cheque.pdf;
2023/07/10 19:24:23;OK;Cheque.pdf;
2023/07/10 19:24:30;OK;Cheque.pdf;
2023/07/10 19:24:37;OK;Cheque.pdf;
2023/07/10 19:24:44;OK;Cheque.pdf;
2023/07/10 19:24:51;OK;Cheque.pdf;
2023/07/10 19:24:58;OK;Cheque.pdf;
2023/07/10 19:25:05;OK;Cheque.pdf;
2023/07/10 19:25:12;OK;Cheque.pdf;
2023/07/10 19:25:19;OK;Cheque.pdf;
2023/07/10 19:25:26;OK;Cheque.pdf;
2023/07/10 19:25:33;OK;Cheque.pdf;
2023/07/10 19:25:40;OK;Cheque.pdf;
2023/07/10 19:25:47;OK;Cheque.pdf;
2023/07/10 19:25:53;OK;Cheque.pdf;
2023/07/10 19:26:00;OK;Cheque.pdf;
2023/07/10 19:26:07;OK;Cheque.pdf;
2023/07/10 19:30:19;OK;Slip.pdf;
2023/07/10 19:30:26;OK;Cheque.pdf;
2023/07/10 19:30:52;OK;Cheque.pdf;
2023/07/10 19:30:59;OK;Cheque.pdf;
2023/07/10 19:31:23;OK;Cheque.pdf;
2023/07/11 13:28:04;OK;Cheque.pdf;
2023/07/11 13:31:10;OK;Cheque.pdf;
2023/07/11 15:09:09;OK;Cheque.pdf;
2023/07/11 15:29:16;OK;Slip.pdf;
2023/07/11 15:47:50;OK;Cheque.pdf;
2023/07/11 15:52:54;OK;Cheque.pdf;
2023/07/11 15:55:31;OK;Slip.pdf;
2023/07/11 15:55:38;OK;Cheque.pdf;
2023/07/11 15:56:03;OK;Cheque.pdf;
2023/07/11 15:56:10;OK;Cheque.pdf;
2023/07/11 15:56:33;OK;Cheque.pdf;
2023/07/11 15:56:40;OK;Cheque.pdf;
2023/07/11 15:57:04;OK;Cheque.pdf;
2023/07/11 15:57:11;OK;Cheque.pdf;
2023/07/11 15:57:35;OK;Cheque.pdf;
2023/07/11 15:57:42;OK;Cheque.pdf;
2023/07/11 15:58:06;OK;Cheque.pdf;
2023/07/11 15:58:13;OK;Cheque.pdf;
2023/07/11 15:58:38;OK;Cheque.pdf;
2023/07/11 15:58:44;OK;Cheque.pdf;
2023/07/11 15:59:09;OK;Cheque.pdf;
2023/07/11 15:59:15;OK;Cheque.pdf;
2023/07/11 15:59:40;OK;Cheque.pdf;
2023/07/11 15:59:46;OK;Cheque.pdf;
2023/07/11 16:00:11;OK;Cheque.pdf;
2023/07/11 16:00:18;OK;Cheque.pdf;
2023/07/11 16:00:42;OK;Cheque.pdf;
2023/07/13 10:48:24;OK;Cheque.pdf;
2023/07/13 10:57:42;OK;Cheque.pdf;
2023/07/13 11:01:58;OK;Cheque.pdf;
2023/07/13 11:04:57;OK;Cheque.pdf;
2023/07/13 11:08:04;OK;Slip.pdf;
2023/07/13 11:08:11;OK;Slip.pdf;
2023/07/13 11:08:35;OK;Cheque.pdf;
2023/07/13 11:08:42;OK;Cheque.pdf;
2023/07/13 11:09:06;OK;Cheque.pdf;
2023/07/13 11:09:13;OK;Cheque.pdf;
2023/07/13 11:09:37;OK;Cheque.pdf;
2023/07/13 11:09:44;OK;Cheque.pdf;
2023/07/13 11:10:08;OK;Cheque.pdf;
2023/07/13 11:10:15;OK;Cheque.pdf;
2023/07/13 11:10:39;OK;Cheque.pdf;
2023/07/13 11:10:46;OK;Cheque.pdf;
2023/07/13 11:11:10;OK;Cheque.pdf;
2023/07/13 11:11:17;OK;Cheque.pdf;
2023/07/13 11:11:41;OK;Cheque.pdf;
2023/07/13 11:11:48;OK;Cheque.pdf;
2023/07/13 11:12:12;OK;Cheque.pdf;
2023/07/13 11:12:19;OK;Cheque.pdf;
2023/07/13 11:12:43;OK;Cheque.pdf;
2023/07/13 11:13:46;OK;Cheque.pdf;
2023/07/13 11:15:47;OK;Cheque.pdf;
2023/07/13 11:24:31;OK;Cheque.pdf;
2023/07/13 11:39:09;OK;Slip.pdf;
2023/07/13 11:50:35;OK;Slip.pdf;
2023/07/13 11:52:46;OK;Slip.pdf;
2023/07/13 11:53:12;OK;Slip.pdf;
2023/07/13 11:53:49;OK;Slip.pdf;
2023/07/13 11:54:44;OK;Slip.pdf;
2023/07/13 11:55:46;OK;Slip.pdf;
2023/07/13 11:56:19;OK;Slip.pdf;
2023/07/13 11:57:51;OK;Slip.pdf;
2023/07/13 11:58:58;OK;Slip.pdf;
2023/07/13 11:59:30;OK;Slip.pdf;
2023/07/13 12:07:47;OK;Slip.pdf;
2023/07/13 12:08:43;OK;Slip.pdf;
2023/07/13 12:09:27;OK;Slip.pdf;
2023/07/13 12:13:23;OK;Slip.pdf;
2023/07/13 13:50:33;OK;Cheque.pdf;
2023/07/13 13:52:54;OK;Cheque.pdf;
2023/07/13 15:59:19;OK;Cheque.pdf;
2023/07/13 16:00:49;OK;Cheque.pdf;
2023/07/13 16:06:04;OK;Cheque.pdf;
2023/07/13 16:11:35;OK;Cheque.pdf;
2023/07/13 16:13:23;OK;Cheque.pdf;
2023/07/13 16:20:41;OK;Cheque.pdf;
2023/07/13 16:23:05;OK;Cheque.pdf;
2023/07/13 16:24:35;OK;Cheque.pdf;
2023/07/13 16:31:26;OK;Cheque.pdf;
2023/07/13 16:37:09;OK;Cheque.pdf;
2023/07/13 16:50:00;OK;Cheque.pdf;
2023/07/13 16:56:02;OK;Cheque.pdf;
2023/07/13 16:59:57;OK;Slip.pdf;
2023/07/13 17:01:30;OK;Slip.pdf;
2023/07/13 18:44:26;OK;Cheque.pdf;
2023/07/13 19:11:44;OK;Slip.pdf;
2023/07/13 19:12:23;OK;Slip.pdf;
2023/07/14 11:15:37;OK;Slip.pdf;
2023/07/14 11:15:45;OK;Cheque.pdf;
2023/07/14 11:15:52;OK;Cheque.pdf;
2023/07/14 11:16:00;OK;Cheque.pdf;
2023/07/14 11:16:07;OK;Cheque.pdf;
2023/07/14 11:16:16;OK;Cheque.pdf;
2023/07/14 11:16:23;OK;Cheque.pdf;
2023/07/14 11:16:30;OK;Cheque.pdf;
2023/07/14 11:16:37;OK;Cheque.pdf;
2023/07/14 11:16:44;OK;Cheque.pdf;
2023/07/14 11:16:51;OK;Cheque.pdf;
2023/07/14 11:16:58;OK;Cheque.pdf;
2023/07/14 11:17:04;OK;Cheque.pdf;
2023/07/14 11:17:11;OK;Cheque.pdf;
2023/07/14 11:17:18;OK;Cheque.pdf;
2023/07/14 11:17:26;OK;Cheque.pdf;
2023/07/14 11:17:33;OK;Cheque.pdf;
2023/07/14 11:17:41;OK;Cheque.pdf;
2023/07/14 11:17:48;OK;Cheque.pdf;
2023/07/14 11:17:55;OK;Cheque.pdf;
2023/07/14 11:18:02;OK;Cheque.pdf;
2023/07/14 11:18:09;OK;Cheque.pdf;
2023/07/14 11:18:16;OK;Cheque.pdf;
2023/07/14 11:18:23;OK;Cheque.pdf;
2023/07/14 11:18:30;OK;Cheque.pdf;
2023/07/14 11:18:37;OK;Cheque.pdf;
2023/07/14 11:18:43;OK;Cheque.pdf;
2023/07/14 11:18:50;OK;Cheque.pdf;
2023/07/14 11:18:57;OK;Cheque.pdf;
2023/07/14 11:19:04;OK;Cheque.pdf;
2023/07/14 11:19:11;OK;Cheque.pdf;
2023/07/14 11:19:18;OK;Cheque.pdf;
2023/07/14 11:19:25;OK;Cheque.pdf;
2023/07/14 11:19:32;OK;Cheque.pdf;
2023/07/14 11:19:39;OK;Cheque.pdf;
2023/07/14 11:19:45;OK;Cheque.pdf;
2023/07/14 11:19:52;OK;Cheque.pdf;
2023/07/14 11:19:59;OK;Cheque.pdf;
2023/07/14 11:20:06;OK;Cheque.pdf;
2023/07/14 11:20:13;OK;Cheque.pdf;
2023/07/14 11:20:20;OK;Cheque.pdf;
2023/07/14 11:20:27;OK;Cheque.pdf;
2023/07/14 11:20:34;OK;Cheque.pdf;
2023/07/14 11:20:40;OK;Cheque.pdf;
2023/07/14 11:20:47;OK;Cheque.pdf;
2023/07/14 11:20:54;OK;Cheque.pdf;
2023/07/14 11:22:43;OK;Cheque.pdf;
2023/07/14 12:03:32;OK;Slip.pdf;
2023/07/14 15:03:04;OK;Slip.pdf;
2023/07/14 15:23:53;OK;Slip.pdf;
2023/07/14 15:24:56;OK;Slip.pdf;
2023/07/14 15:28:45;OK;Slip.pdf;
2023/07/14 15:36:43;OK;Slip.pdf;
2023/07/14 15:41:20;OK;Slip.pdf;
2023/07/14 15:41:43;OK;Slip.pdf;
2023/07/14 15:42:12;OK;Slip.pdf;
2023/07/14 15:45:58;OK;Slip.pdf;
2023/07/14 15:47:23;OK;Slip.pdf;
2023/07/14 15:48:10;OK;Slip.pdf;
2023/07/14 15:48:50;OK;Slip.pdf;
2023/07/14 15:49:55;OK;Slip.pdf;
2023/07/14 15:50:27;OK;Slip.pdf;
2023/07/14 15:50:54;OK;Slip.pdf;
2023/07/14 16:09:08;OK;Slip.pdf;
2023/07/14 16:09:33;OK;Slip.pdf;
2023/07/14 16:18:29;OK;Slip.pdf;
2023/07/14 16:23:16;OK;Slip.pdf;
2023/07/14 16:23:56;OK;Slip.pdf;
2023/07/14 16:25:42;OK;Slip.pdf;
2023/07/14 16:26:34;OK;Slip.pdf;
2023/07/14 16:27:10;OK;Slip.pdf;
2023/07/14 16:32:52;OK;Slip.pdf;
2023/07/14 16:34:50;OK;Slip.pdf;
2023/07/14 16:36:12;OK;Slip.pdf;
2023/07/14 16:39:03;OK;Slip.pdf;
2023/07/14 16:39:48;OK;Slip.pdf;
2023/07/14 16:42:20;OK;Slip.pdf;
2023/07/14 16:43:15;OK;Slip.pdf;
2023/07/14 16:43:39;OK;Slip.pdf;
2023/07/14 16:48:33;OK;Slip.pdf;
2023/07/14 18:38:49;OK;Slip.pdf;
2023/07/14 18:40:03;OK;Cheque.pdf;
2023/07/18 16:02:08;OK;Cheque.pdf;
2023/07/18 16:03:34;OK;Slip.pdf;
2023/07/18 16:03:41;OK;Cheque.pdf;
2023/07/18 16:03:48;OK;Cheque.pdf;
2023/07/18 16:03:55;OK;Cheque.pdf;
2023/07/18 16:04:02;OK;Cheque.pdf;
2023/07/18 16:04:09;OK;Cheque.pdf;
2023/07/18 16:04:15;OK;Cheque.pdf;
2023/07/18 16:04:22;OK;Cheque.pdf;
2023/07/18 16:04:29;OK;Cheque.pdf;
2023/07/18 16:04:36;OK;Cheque.pdf;
2023/07/18 16:04:43;OK;Cheque.pdf;
2023/07/18 16:04:50;OK;Cheque.pdf;
2023/07/18 16:04:57;OK;Cheque.pdf;
2023/07/18 16:05:04;OK;Cheque.pdf;
2023/07/18 16:05:11;OK;Cheque.pdf;
2023/07/18 16:05:18;OK;Cheque.pdf;
2023/07/18 16:05:25;OK;Cheque.pdf;
2023/07/18 16:05:32;OK;Cheque.pdf;
2023/07/18 16:05:39;OK;Cheque.pdf;
2023/07/18 16:05:46;OK;Cheque.pdf;
2023/07/18 16:05:53;OK;Cheque.pdf;
2023/07/18 16:05:59;OK;Cheque.pdf;
2023/07/18 16:06:06;OK;Cheque.pdf;
2023/07/18 16:06:14;OK;Cheque.pdf;
2023/07/18 16:06:21;OK;Cheque.pdf;
2023/07/18 16:06:28;OK;Cheque.pdf;
2023/07/18 16:06:35;OK;Cheque.pdf;
2023/07/18 16:06:42;OK;Cheque.pdf;
2023/07/18 16:06:49;OK;Cheque.pdf;
2023/07/18 16:06:56;OK;Cheque.pdf;
2023/07/18 16:07:03;OK;Cheque.pdf;
2023/07/18 16:07:10;OK;Cheque.pdf;
2023/07/18 16:07:17;OK;Cheque.pdf;
2023/07/18 16:07:24;OK;Cheque.pdf;
2023/07/18 16:07:31;OK;Cheque.pdf;
2023/07/18 16:07:38;OK;Cheque.pdf;
2023/07/18 16:07:45;OK;Cheque.pdf;
2023/07/18 16:07:51;OK;Cheque.pdf;
2023/07/18 16:07:58;OK;Cheque.pdf;
2023/07/18 16:08:05;OK;Cheque.pdf;
2023/07/18 16:08:12;OK;Cheque.pdf;
2023/07/18 16:08:19;OK;Cheque.pdf;
2023/07/18 16:08:26;OK;Cheque.pdf;
2023/07/18 16:08:33;OK;Cheque.pdf;
2023/07/18 16:08:40;OK;Cheque.pdf;
2023/07/18 16:08:47;OK;Cheque.pdf;
2023/07/18 16:09:47;OK;Cheque.pdf;
2023/07/18 16:10:07;OK;Cheque.pdf;
2023/07/18 16:10:36;OK;Cheque.pdf;
2023/07/18 16:23:15;OK;Cheque.pdf;
2023/07/18 16:24:09;OK;Cheque.pdf;
2023/07/18 16:24:30;OK;Cheque.pdf;
2023/07/18 16:29:25;OK;Cheque.pdf;
2023/07/18 16:32:29;OK;Cheque.pdf;
2023/07/18 16:33:07;OK;Cheque.pdf;
2023/07/18 18:17:03;OK;Cheque.pdf;
2023/07/18 18:24:30;OK;Cheque.pdf;
2023/07/18 18:29:21;OK;Cheque.pdf;
2023/07/18 18:33:14;OK;Cheque.pdf;
2023/07/18 18:33:49;OK;Cheque.pdf;
2023/07/18 18:36:50;OK;Cheque.pdf;
2023/07/18 18:37:36;OK;Cheque.pdf;
2023/07/18 18:42:35;OK;Cheque.pdf;
2023/07/20 12:16:39;OK;Slip.pdf;
2023/07/20 12:19:31;OK;Slip.pdf;
2023/07/20 12:23:20;OK;Slip.pdf;
2023/07/20 12:25:40;OK;Slip.pdf;
2023/07/20 12:33:35;OK;Slip.pdf;
2023/07/24 17:06:56;OK;Slip.pdf;
2023/07/24 17:07:03;OK;Cheque.pdf;
2023/07/24 17:07:10;OK;Cheque.pdf;
2023/07/24 17:07:18;OK;Cheque.pdf;
2023/07/24 17:07:25;OK;Cheque.pdf;
2023/07/24 17:07:32;OK;Cheque.pdf;
2023/07/24 17:07:39;OK;Cheque.pdf;
2023/07/24 17:07:46;OK;Cheque.pdf;
2023/07/24 17:07:54;OK;Cheque.pdf;
2023/07/24 17:08:01;OK;Cheque.pdf;
2023/07/24 17:08:08;OK;Cheque.pdf;
2023/07/24 17:08:15;OK;Cheque.pdf;
2023/07/24 17:08:22;OK;Cheque.pdf;
2023/07/24 17:08:29;OK;Cheque.pdf;
2023/07/24 17:08:36;OK;Cheque.pdf;
2023/07/24 17:08:43;OK;Cheque.pdf;
2023/07/24 17:08:49;OK;Cheque.pdf;
2023/07/24 17:08:56;OK;Cheque.pdf;
2023/07/24 17:09:03;OK;Cheque.pdf;
2023/07/24 17:09:10;OK;Cheque.pdf;
2023/07/24 17:09:17;OK;Cheque.pdf;
2023/07/24 17:09:23;OK;Cheque.pdf;
2023/07/24 17:09:30;OK;Cheque.pdf;
2023/07/24 17:09:37;OK;Cheque.pdf;
2023/07/24 17:09:44;OK;Cheque.pdf;
2023/07/24 17:09:52;OK;Cheque.pdf;
2023/07/24 17:09:59;OK;Cheque.pdf;
2023/07/24 17:10:07;OK;Cheque.pdf;
2023/07/24 17:10:14;OK;Cheque.pdf;
2023/07/24 17:10:20;OK;Cheque.pdf;
2023/07/24 17:10:28;OK;Cheque.pdf;
2023/07/24 17:10:35;OK;Cheque.pdf;
2023/07/24 17:10:41;OK;Cheque.pdf;
2023/07/24 17:10:48;OK;Cheque.pdf;
2023/07/24 17:10:55;OK;Cheque.pdf;
2023/07/24 17:11:02;OK;Cheque.pdf;
2023/07/24 17:11:09;OK;Cheque.pdf;
2023/07/24 17:11:17;OK;Cheque.pdf;
2023/07/24 17:11:24;OK;Cheque.pdf;
2023/07/24 17:11:31;OK;Cheque.pdf;
2023/07/24 17:11:37;OK;Cheque.pdf;
2023/07/24 17:11:44;OK;Cheque.pdf;
2023/07/24 17:11:51;OK;Cheque.pdf;
2023/07/24 17:11:58;OK;Cheque.pdf;
2023/07/24 17:12:05;OK;Cheque.pdf;
2023/07/24 17:12:12;OK;Cheque.pdf;
2023/07/24 17:23:38;OK;Cheque.pdf;
2023/07/24 17:28:19;OK;Cheque.pdf;
2023/07/24 17:30:25;OK;Cheque.pdf;
2023/07/24 17:33:22;OK;Cheque.pdf;
2023/07/24 17:35:16;OK;Cheque.pdf;
2023/07/24 17:37:06;OK;Slip.pdf;
2023/07/24 17:38:13;OK;Slip.pdf;
2023/07/24 17:39:45;OK;Slip.pdf;
2023/07/24 18:23:57;OK;Cheque.pdf;
2023/07/26 12:00:36;OK;Cheque.pdf;
2023/07/26 12:00:58;OK;Cheque.pdf;
2023/07/26 12:03:12;OK;Cheque.pdf;
2023/07/26 12:03:57;OK;Cheque.pdf;
2023/07/26 12:53:02;OK;Cheque.pdf;
2023/07/26 12:54:22;OK;Cheque.pdf;
2023/07/26 12:55:29;OK;Cheque.pdf;
2023/07/26 12:56:13;OK;Cheque.pdf;
2023/07/26 12:56:40;OK;Cheque.pdf;
2023/07/26 13:31:43;OK;Slip.pdf;
2023/07/26 13:32:08;OK;Slip.pdf;
2023/08/09 15:17:06;OK;Slip.pdf;
2023/08/09 15:17:13;OK;Cheque.pdf;
2023/08/09 15:17:20;OK;Cheque.pdf;
2023/08/09 15:17:27;OK;Cheque.pdf;
2023/08/09 15:17:34;OK;Cheque.pdf;
2023/08/09 15:17:41;OK;Cheque.pdf;
2023/08/09 15:17:48;OK;Cheque.pdf;
2023/08/09 15:17:55;OK;Cheque.pdf;
2023/08/09 15:18:01;OK;Cheque.pdf;
2023/08/09 15:18:09;OK;Cheque.pdf;
2023/08/09 15:18:16;OK;Cheque.pdf;
2023/08/09 15:19:35;OK;Slip.pdf;
2023/08/09 15:20:02;OK;Slip.pdf;
2023/09/25 15:54:22;OK;Slip.pdf;
2023/09/25 15:57:41;OK;Slip.pdf;
2023/09/25 15:58:51;OK;Slip.pdf;
2023/09/25 16:01:04;OK;Slip.pdf;
2023/09/25 16:10:03;OK;Cheque.pdf;
2023/09/25 16:10:27;OK;Cheque.pdf;
2023/09/25 16:37:20;OK;Slip.pdf;
2023/11/06 13:52:12;OK;Slip.pdf;
2023/11/06 13:52:13;OK;Slip.pdf;
2023/11/06 13:54:40;OK;Slip.pdf;
2023/11/06 13:54:41;OK;Slip.pdf;
2023/11/06 16:56:07;OK;Slip.pdf;
2023/11/06 16:56:09;OK;Cheque.pdf;
2023/11/06 16:56:10;OK;Cheque.pdf;
2023/11/06 16:56:12;OK;Cheque.pdf;
2023/11/06 16:56:13;OK;Cheque.pdf;
2023/11/06 16:56:14;OK;Cheque.pdf;
2023/11/06 16:56:15;OK;Cheque.pdf;
2023/11/06 16:56:16;OK;Cheque.pdf;
2023/11/06 16:56:17;OK;Cheque.pdf;
2023/11/06 16:56:18;OK;Cheque.pdf;
2023/11/06 16:56:20;OK;Cheque.pdf;
2023/11/06 16:56:21;OK;Cheque.pdf;
2023/11/06 16:56:22;OK;Cheque.pdf;
2023/11/06 16:56:23;OK;Cheque.pdf;
2023/11/06 16:56:24;OK;Cheque.pdf;
2023/11/06 16:56:25;OK;Cheque.pdf;
2023/11/06 16:56:26;OK;Cheque.pdf;
2023/11/06 16:56:27;OK;Cheque.pdf;
2023/11/06 17:02:01;OK;Slip.pdf;
2023/11/06 17:02:04;OK;Cheque.pdf;
2023/11/06 17:02:05;OK;Cheque.pdf;
2023/11/06 17:02:07;OK;Cheque.pdf;
2023/11/06 17:02:08;OK;Cheque.pdf;
2023/11/06 17:02:09;OK;Cheque.pdf;
2023/11/06 17:02:11;OK;Cheque.pdf;
2023/11/06 17:02:12;OK;Cheque.pdf;
2023/11/06 17:02:13;OK;Cheque.pdf;
2023/11/06 17:02:14;OK;Cheque.pdf;
2023/11/06 17:02:15;OK;Cheque.pdf;
2023/11/06 17:02:17;OK;Cheque.pdf;
2023/11/06 17:02:18;OK;Cheque.pdf;
2023/11/06 17:02:19;OK;Cheque.pdf;
2023/11/06 17:02:20;OK;Cheque.pdf;
2023/11/06 17:02:21;OK;Cheque.pdf;
2023/11/06 17:02:22;OK;Cheque.pdf;
2023/11/06 17:02:23;OK;Cheque.pdf;
2023/11/06 17:02:24;OK;Cheque.pdf;
2023/11/06 17:02:25;OK;Cheque.pdf;
2023/11/06 17:02:27;OK;Cheque.pdf;
2023/11/06 17:02:28;OK;Cheque.pdf;
2023/11/06 17:02:29;OK;Cheque.pdf;
2023/11/06 17:02:30;OK;Cheque.pdf;
2023/11/06 17:02:31;OK;Cheque.pdf;
2023/11/06 17:02:32;OK;Cheque.pdf;
2023/11/06 17:02:33;OK;Cheque.pdf;
2023/11/06 17:02:34;OK;Cheque.pdf;
2023/11/06 17:02:35;OK;Cheque.pdf;
2023/11/06 17:02:36;OK;Cheque.pdf;
2023/11/06 17:02:37;OK;Cheque.pdf;
2023/11/06 17:02:39;OK;Cheque.pdf;
2023/11/06 17:02:40;OK;Cheque.pdf;
2023/11/06 17:02:41;OK;Cheque.pdf;
2023/11/06 17:02:42;OK;Cheque.pdf;
2023/11/06 17:02:43;OK;Cheque.pdf;
2023/11/06 17:02:45;OK;Cheque.pdf;
2023/11/06 17:02:46;OK;Cheque.pdf;
2023/11/06 17:02:47;OK;Cheque.pdf;
2023/11/06 17:02:48;OK;Cheque.pdf;
2023/11/06 17:02:49;OK;Cheque.pdf;
2023/11/06 17:03:10;OK;Slip.pdf;
2023/11/06 17:03:11;OK;Cheque.pdf;
2023/11/06 17:03:12;OK;Cheque.pdf;
2023/11/06 17:03:13;OK;Cheque.pdf;
2023/11/06 17:03:14;OK;Cheque.pdf;
2023/11/06 17:03:15;OK;Cheque.pdf;
2023/11/06 17:03:16;OK;Cheque.pdf;
2023/11/06 17:03:17;OK;Cheque.pdf;
2023/11/06 17:03:19;OK;Cheque.pdf;
2023/11/06 17:03:21;OK;Cheque.pdf;
2023/11/06 17:03:22;OK;Cheque.pdf;
2023/11/06 17:03:23;OK;Cheque.pdf;
2023/11/06 17:03:24;OK;Cheque.pdf;
2023/11/06 17:03:25;OK;Cheque.pdf;
2023/11/06 17:03:26;OK;Cheque.pdf;
2023/11/06 17:03:27;OK;Cheque.pdf;
2023/11/06 17:03:29;OK;Cheque.pdf;
2023/11/06 17:03:30;OK;Cheque.pdf;
2023/11/06 17:03:31;OK;Cheque.pdf;
2023/11/06 17:03:32;OK;Cheque.pdf;
2023/11/06 17:03:33;OK;Cheque.pdf;
2023/11/06 17:03:35;OK;Cheque.pdf;
2023/11/06 17:03:36;OK;Cheque.pdf;
2023/11/06 17:03:37;OK;Cheque.pdf;
2023/11/06 17:03:38;OK;Cheque.pdf;
2023/11/06 17:03:39;OK;Cheque.pdf;
2023/11/06 17:03:40;OK;Cheque.pdf;
2023/11/06 17:03:41;OK;Cheque.pdf;
2023/11/06 17:03:42;OK;Cheque.pdf;
2023/11/06 17:03:43;OK;Cheque.pdf;
2023/11/06 17:03:45;OK;Cheque.pdf;
2023/11/06 17:03:46;OK;Cheque.pdf;
2023/11/06 17:03:47;OK;Cheque.pdf;
2023/11/06 17:03:48;OK;Cheque.pdf;
2023/11/06 17:03:49;OK;Cheque.pdf;
2023/11/06 17:03:50;OK;Cheque.pdf;
2023/11/06 17:03:51;OK;Cheque.pdf;
2023/11/06 17:03:52;OK;Cheque.pdf;
2023/11/06 17:03:53;OK;Cheque.pdf;
2023/11/06 17:03:54;OK;Cheque.pdf;
2023/11/06 17:03:55;OK;Cheque.pdf;
2023/11/06 17:03:56;OK;Cheque.pdf;
2023/11/06 17:03:57;OK;Cheque.pdf;
2023/11/06 17:03:58;OK;Cheque.pdf;
2023/11/06 17:03:59;OK;Cheque.pdf;
2023/11/06 17:04:00;OK;Cheque.pdf;
2023/11/06 17:04:01;OK;Cheque.pdf;
2023/11/06 17:04:02;OK;Cheque.pdf;
2023/11/06 17:04:04;OK;Cheque.pdf;
2023/11/06 17:04:05;OK;Cheque.pdf;
2023/11/06 17:04:06;OK;Cheque.pdf;
2023/11/06 17:04:17;OK;Slip.pdf;
2023/11/06 17:04:18;OK;Cheque.pdf;
2023/11/06 17:04:19;OK;Cheque.pdf;
2023/11/06 17:04:20;OK;Cheque.pdf;
2023/11/06 17:04:22;OK;Cheque.pdf;
2023/11/06 17:04:23;OK;Cheque.pdf;
2023/11/06 17:04:24;OK;Cheque.pdf;
2023/11/06 17:04:25;OK;Cheque.pdf;
2023/11/06 17:04:27;OK;Cheque.pdf;
2023/11/06 17:04:28;OK;Cheque.pdf;
2023/11/06 17:04:30;OK;Cheque.pdf;
2023/11/06 17:04:31;OK;Cheque.pdf;
2023/11/06 17:04:33;OK;Cheque.pdf;
2023/11/06 17:04:35;OK;Cheque.pdf;
2023/11/06 17:04:37;OK;Cheque.pdf;
2023/11/06 17:04:38;OK;Cheque.pdf;
2023/11/06 17:04:39;OK;Cheque.pdf;
2023/11/06 17:04:40;OK;Cheque.pdf;
2023/11/06 17:04:42;OK;Cheque.pdf;
2023/11/06 17:04:43;OK;Slip.pdf;
2023/11/06 17:04:44;OK;Cheque.pdf;
2023/11/06 17:04:45;OK;Cheque.pdf;
2023/11/06 17:04:46;OK;Cheque.pdf;
2023/11/06 17:04:47;OK;Cheque.pdf;
2023/11/06 17:04:48;OK;Cheque.pdf;
2023/11/06 17:04:49;OK;Cheque.pdf;
2023/11/06 17:04:50;OK;Cheque.pdf;
2023/11/06 17:04:51;OK;Cheque.pdf;
2023/11/06 17:04:52;OK;Cheque.pdf;
2023/11/06 17:04:53;OK;Cheque.pdf;
2023/11/06 17:04:54;OK;Cheque.pdf;
2023/11/06 17:04:55;OK;Cheque.pdf;
2023/11/06 17:04:56;OK;Cheque.pdf;
2023/11/06 17:04:57;OK;Cheque.pdf;
2023/11/06 17:04:58;OK;Cheque.pdf;
2023/11/06 17:04:59;OK;Cheque.pdf;
2023/11/06 17:05:00;OK;Cheque.pdf;
2023/11/06 17:05:01;OK;Cheque.pdf;
2023/11/06 17:05:02;OK;Cheque.pdf;
2023/11/06 17:05:03;OK;Cheque.pdf;
2023/11/06 17:05:04;OK;Cheque.pdf;
2023/11/06 17:05:05;OK;Cheque.pdf;
2023/11/06 17:05:07;OK;Cheque.pdf;
2023/11/06 17:05:08;OK;Cheque.pdf;
2023/11/06 17:05:09;OK;Cheque.pdf;
2023/11/06 17:05:10;OK;Cheque.pdf;
2023/11/06 17:05:11;OK;Cheque.pdf;
2023/11/06 17:05:12;OK;Cheque.pdf;
2023/11/06 17:05:13;OK;Cheque.pdf;
2023/11/06 17:05:14;OK;Cheque.pdf;
2023/11/06 17:05:14;OK;Cheque.pdf;
2023/11/06 17:05:16;OK;Cheque.pdf;
2023/11/06 17:05:17;OK;Cheque.pdf;
2023/11/06 17:05:18;OK;Cheque.pdf;
2023/11/06 17:05:19;OK;Cheque.pdf;
2023/11/06 17:05:20;OK;Cheque.pdf;
2023/11/06 17:05:22;OK;Cheque.pdf;
2023/11/06 17:05:23;OK;Cheque.pdf;
2023/11/06 17:05:24;OK;Cheque.pdf;
2023/11/06 17:05:25;OK;Cheque.pdf;
2023/11/06 17:07:27;OK;Slip.pdf;
2023/11/06 17:07:28;OK;Cheque.pdf;
2023/11/06 17:07:29;OK;Cheque.pdf;
2023/11/06 17:07:31;OK;Cheque.pdf;
2023/11/06 17:07:33;OK;Cheque.pdf;
2023/11/06 17:07:34;OK;Cheque.pdf;
2023/11/06 17:07:35;OK;Cheque.pdf;
2023/11/06 17:07:36;OK;Cheque.pdf;
2023/11/06 17:07:37;OK;Cheque.pdf;
2023/11/06 17:07:38;OK;Cheque.pdf;
2023/11/06 17:07:39;OK;Cheque.pdf;
2023/11/06 17:07:40;OK;Cheque.pdf;
2023/11/06 17:07:41;OK;Cheque.pdf;
2023/11/06 17:07:42;OK;Cheque.pdf;
2023/11/06 17:07:43;OK;Cheque.pdf;
2023/11/06 17:07:44;OK;Cheque.pdf;
2023/11/06 17:07:45;OK;Cheque.pdf;
2023/11/06 17:07:46;OK;Cheque.pdf;
2023/11/06 17:07:48;OK;Cheque.pdf;
2023/11/06 17:07:49;OK;Cheque.pdf;
2023/11/06 17:07:50;OK;Cheque.pdf;
2023/11/06 17:07:51;OK;Cheque.pdf;
2023/11/06 17:07:52;OK;Cheque.pdf;
2023/11/06 17:07:53;OK;Cheque.pdf;
2023/11/06 17:07:54;OK;Cheque.pdf;
2023/11/06 17:10:00;OK;Slip.pdf;
2023/11/06 17:10:02;OK;Cheque.pdf;
2023/11/06 17:10:04;OK;Cheque.pdf;
2023/11/06 17:10:06;OK;Cheque.pdf;
2023/11/06 17:10:08;OK;Cheque.pdf;
2023/11/06 17:10:10;OK;Cheque.pdf;
2023/11/06 17:10:12;OK;Cheque.pdf;
2023/11/06 17:10:14;OK;Cheque.pdf;
2023/11/06 17:10:16;OK;Cheque.pdf;
2023/11/06 17:10:18;OK;Cheque.pdf;
2023/11/06 17:10:20;OK;Cheque.pdf;
2023/11/06 17:10:23;OK;Cheque.pdf;
2023/11/06 17:10:25;OK;Cheque.pdf;
2023/11/06 17:10:27;OK;Cheque.pdf;
2023/11/06 17:10:29;OK;Cheque.pdf;
2023/11/06 17:10:31;OK;Cheque.pdf;
2023/11/06 17:10:33;OK;Cheque.pdf;
2023/11/06 17:10:35;OK;Cheque.pdf;
2023/11/06 17:10:37;OK;Cheque.pdf;
2023/11/06 17:10:39;OK;Cheque.pdf;
2023/11/06 17:10:40;OK;Cheque.pdf;
2023/11/06 17:11:29;OK;Slip.pdf;
2023/11/06 17:11:31;OK;Cheque.pdf;
2023/11/06 17:11:32;OK;Cheque.pdf;
2023/11/06 17:11:34;OK;Cheque.pdf;
2023/11/06 17:11:36;OK;Cheque.pdf;
2023/11/06 17:11:38;OK;Cheque.pdf;
2023/11/06 17:11:40;OK;Cheque.pdf;
2023/11/06 17:11:42;OK;Cheque.pdf;
2023/11/06 17:11:44;OK;Cheque.pdf;
2023/11/06 17:11:46;OK;Cheque.pdf;
2023/11/06 17:11:48;OK;Cheque.pdf;
2023/11/06 17:11:50;OK;Cheque.pdf;
2023/11/06 17:11:52;OK;Cheque.pdf;
2023/11/06 17:11:53;OK;Cheque.pdf;
2023/11/06 17:11:55;OK;Cheque.pdf;
2023/11/06 17:11:57;OK;Cheque.pdf;
2023/11/06 17:11:59;OK;Cheque.pdf;
2023/11/06 17:12:01;OK;Cheque.pdf;
2023/11/06 17:12:03;OK;Cheque.pdf;
2023/11/06 17:12:05;OK;Cheque.pdf;
2023/11/06 17:12:06;OK;Cheque.pdf;
2023/11/06 17:12:08;OK;Cheque.pdf;
2023/11/06 17:12:10;OK;Cheque.pdf;
2023/11/06 17:12:12;OK;Cheque.pdf;
2023/11/06 17:12:14;OK;Cheque.pdf;
2023/11/06 17:12:16;OK;Cheque.pdf;
2023/11/06 17:12:18;OK;Cheque.pdf;
2023/11/06 17:12:20;OK;Cheque.pdf;
2023/11/06 17:12:21;OK;Cheque.pdf;
2023/11/06 17:12:23;OK;Cheque.pdf;
2023/11/06 17:12:25;OK;Cheque.pdf;
2023/11/06 17:12:27;OK;Cheque.pdf;
2023/11/06 17:12:29;OK;Cheque.pdf;
2023/11/06 17:12:31;OK;Cheque.pdf;
2023/11/06 17:12:32;OK;Cheque.pdf;
2023/11/06 17:12:34;OK;Cheque.pdf;
2023/11/06 17:12:36;OK;Cheque.pdf;
2023/11/06 17:12:38;OK;Cheque.pdf;
2023/11/06 17:12:40;OK;Cheque.pdf;
2023/11/06 17:12:42;OK;Cheque.pdf;
2023/11/06 17:12:44;OK;Cheque.pdf;
2023/11/06 17:14:28;OK;Slip.pdf;
2023/11/06 17:14:29;OK;Cheque.pdf;
2023/11/06 17:14:30;OK;Cheque.pdf;
2023/11/06 17:14:31;OK;Cheque.pdf;
2023/11/06 17:14:32;OK;Cheque.pdf;
2023/11/06 17:14:33;OK;Cheque.pdf;
2023/11/06 17:14:34;OK;Cheque.pdf;
2023/11/06 17:14:35;OK;Cheque.pdf;
2023/11/06 17:14:35;OK;Cheque.pdf;
2023/11/06 17:14:36;OK;Cheque.pdf;
2023/11/06 17:14:37;OK;Cheque.pdf;
2023/11/06 17:14:38;OK;Cheque.pdf;
2023/11/06 17:14:39;OK;Cheque.pdf;
2023/11/06 17:14:40;OK;Cheque.pdf;
2023/11/06 17:14:41;OK;Cheque.pdf;
2023/11/06 17:14:42;OK;Cheque.pdf;
2023/11/06 17:14:43;OK;Cheque.pdf;
2023/11/06 17:14:44;OK;Cheque.pdf;
2023/11/06 17:14:45;OK;Cheque.pdf;
2023/11/06 17:14:46;OK;Cheque.pdf;
2023/11/06 17:14:47;OK;Cheque.pdf;
2023/11/06 17:16:25;OK;Slip.pdf;
2023/11/06 17:16:35;OK;Slip.pdf;
2023/11/06 17:16:36;OK;Cheque.pdf;
2023/11/06 17:16:37;OK;Cheque.pdf;
2023/11/06 17:16:38;OK;Cheque.pdf;
2023/11/06 17:16:39;OK;Cheque.pdf;
2023/11/06 17:16:40;OK;Cheque.pdf;
2023/11/06 17:16:41;OK;Cheque.pdf;
2023/11/06 17:16:42;OK;Cheque.pdf;
2023/11/06 17:16:43;OK;Cheque.pdf;
2023/11/06 17:16:44;OK;Cheque.pdf;
2023/11/06 17:16:45;OK;Cheque.pdf;
2023/11/06 17:16:46;OK;Cheque.pdf;
2023/11/06 17:16:47;OK;Cheque.pdf;
2023/11/06 17:16:48;OK;Cheque.pdf;
2023/11/06 17:16:48;OK;Cheque.pdf;
2023/11/06 17:16:49;OK;Cheque.pdf;
2023/11/06 17:16:50;OK;Cheque.pdf;
2023/11/06 17:16:51;OK;Cheque.pdf;
2023/11/06 17:16:52;OK;Cheque.pdf;
2023/11/06 17:16:53;OK;Cheque.pdf;
2023/11/06 17:16:54;OK;Cheque.pdf;
2023/11/06 17:21:27;OK;Slip.pdf;
2023/11/06 17:21:30;OK;Cheque.pdf;
2023/11/06 17:21:33;OK;Cheque.pdf;
2023/11/06 17:21:37;OK;Cheque.pdf;
2023/11/06 17:21:40;OK;Cheque.pdf;
2023/11/06 17:21:43;OK;Cheque.pdf;
2023/11/06 17:21:46;OK;Cheque.pdf;
2023/11/06 17:21:49;OK;Cheque.pdf;
2023/11/06 17:21:52;OK;Cheque.pdf;
2023/11/06 17:21:56;OK;Cheque.pdf;
2023/11/06 17:21:59;OK;Cheque.pdf;
2023/11/06 17:22:00;OK;Slip.pdf;
2023/11/06 17:22:01;OK;Cheque.pdf;
2023/11/06 17:22:02;OK;Cheque.pdf;
2023/11/06 17:22:03;OK;Cheque.pdf;
2023/11/06 17:22:05;OK;Cheque.pdf;
2023/11/06 17:22:06;OK;Cheque.pdf;
2023/11/06 17:22:07;OK;Cheque.pdf;
2023/11/06 17:22:08;OK;Cheque.pdf;
2023/11/06 17:22:09;OK;Cheque.pdf;
2023/11/06 17:22:10;OK;Cheque.pdf;
2023/11/06 17:22:11;OK;Cheque.pdf;
2023/11/06 17:22:12;OK;Cheque.pdf;
2023/11/06 17:22:13;OK;Cheque.pdf;
2023/11/06 17:22:14;OK;Cheque.pdf;
2023/11/06 17:22:15;OK;Cheque.pdf;
2023/11/06 17:22:16;OK;Cheque.pdf;
2023/11/06 17:22:17;OK;Cheque.pdf;
2023/11/06 17:22:18;OK;Cheque.pdf;
2023/11/06 17:22:44;OK;Slip.pdf;
2023/11/06 17:22:45;OK;Cheque.pdf;
2023/11/06 17:22:46;OK;Cheque.pdf;
2023/11/06 17:22:47;OK;Cheque.pdf;
2023/11/06 17:22:48;OK;Cheque.pdf;
2023/11/06 17:22:49;OK;Cheque.pdf;
2023/11/06 17:22:50;OK;Cheque.pdf;
2023/11/06 17:22:51;OK;Cheque.pdf;
2023/11/06 17:22:52;OK;Cheque.pdf;
2023/11/06 17:22:53;OK;Cheque.pdf;
2023/11/06 17:22:54;OK;Cheque.pdf;
2023/11/06 17:22:55;OK;Cheque.pdf;
2023/11/06 17:22:56;OK;Cheque.pdf;
2023/11/06 17:22:57;OK;Cheque.pdf;
2023/11/06 17:22:58;OK;Cheque.pdf;
2023/11/06 17:22:59;OK;Cheque.pdf;
2023/11/06 17:23:00;OK;Cheque.pdf;
2023/11/06 17:23:01;OK;Cheque.pdf;
2023/11/06 17:24:23;OK;Slip.pdf;
2023/11/06 17:26:57;OK;Slip.pdf;
2023/11/06 17:28:01;OK;Slip.pdf;
2023/11/06 17:28:13;OK;Slip.pdf;
2023/11/06 17:34:19;OK;Slip.pdf;
2023/11/06 17:34:41;OK;Slip.pdf;
2023/11/06 17:34:42;OK;Cheque.pdf;
2023/11/06 17:34:43;OK;Cheque.pdf;
2023/11/06 17:34:44;OK;Cheque.pdf;
2023/11/06 17:34:45;OK;Cheque.pdf;
2023/11/06 17:34:46;OK;Cheque.pdf;
2023/11/06 17:34:47;OK;Cheque.pdf;
2023/11/06 17:34:48;OK;Cheque.pdf;
2023/11/06 17:35:29;OK;Slip.pdf;
2023/11/06 17:35:30;OK;Cheque.pdf;
2023/11/06 17:35:31;OK;Cheque.pdf;
2023/11/06 17:35:32;OK;Cheque.pdf;
2023/11/06 17:35:33;OK;Cheque.pdf;
2023/11/06 17:35:34;OK;Cheque.pdf;
2023/11/06 17:35:35;OK;Cheque.pdf;
2023/11/06 17:35:36;OK;Cheque.pdf;
2023/11/06 17:35:37;OK;Cheque.pdf;
2023/11/06 17:35:38;OK;Cheque.pdf;
2023/11/06 17:35:39;OK;Cheque.pdf;
2023/11/06 17:35:40;OK;Cheque.pdf;
2023/11/06 17:35:41;OK;Cheque.pdf;
2023/11/06 17:35:42;OK;Cheque.pdf;
2023/11/06 17:35:43;OK;Cheque.pdf;
2023/11/06 17:35:44;OK;Cheque.pdf;
2023/11/06 17:35:45;OK;Cheque.pdf;
2023/11/06 17:35:46;OK;Cheque.pdf;
2023/11/06 18:02:37;OK;Slip.pdf;
2023/11/06 18:02:38;OK;Cheque.pdf;
2023/11/06 18:02:39;OK;Cheque.pdf;
2023/11/06 18:02:40;OK;Cheque.pdf;
2023/11/06 18:02:41;OK;Cheque.pdf;
2023/11/06 18:02:42;OK;Cheque.pdf;
2023/11/06 18:02:43;OK;Cheque.pdf;
2023/11/06 18:02:44;OK;Cheque.pdf;
2023/11/06 18:02:45;OK;Cheque.pdf;
2023/11/06 18:02:45;OK;Cheque.pdf;
2023/11/06 18:02:46;OK;Cheque.pdf;
2023/11/06 18:02:47;OK;Cheque.pdf;
2023/11/06 18:02:48;OK;Cheque.pdf;
2023/11/06 18:02:49;OK;Cheque.pdf;
2023/11/06 18:02:50;OK;Cheque.pdf;
2023/11/06 18:02:51;OK;Cheque.pdf;
2023/11/06 18:02:52;OK;Cheque.pdf;
2023/11/06 18:02:53;OK;Cheque.pdf;
2023/11/06 18:02:54;OK;Cheque.pdf;
2023/11/06 18:02:55;OK;Cheque.pdf;
2023/11/06 18:02:56;OK;Cheque.pdf;
2023/11/06 18:02:57;OK;Cheque.pdf;
2023/11/06 18:02:58;OK;Cheque.pdf;
2023/11/06 18:02:59;OK;Cheque.pdf;
2023/11/06 18:03:00;OK;Cheque.pdf;
2023/11/06 18:03:00;OK;Cheque.pdf;
2023/11/06 18:03:01;OK;Cheque.pdf;
2023/11/06 18:03:02;OK;Cheque.pdf;
2023/11/06 18:03:03;OK;Cheque.pdf;
2023/11/06 18:03:04;OK;Cheque.pdf;
2023/11/06 18:03:05;OK;Cheque.pdf;
2023/11/06 18:03:06;OK;Cheque.pdf;
2023/11/06 18:03:07;OK;Cheque.pdf;
2023/11/06 18:03:08;OK;Cheque.pdf;
2023/11/06 18:03:09;OK;Cheque.pdf;
2023/11/06 18:03:41;OK;Slip.pdf;
2023/11/06 18:03:42;OK;Cheque.pdf;
2023/11/06 18:03:43;OK;Cheque.pdf;
2023/11/06 18:03:44;OK;Cheque.pdf;
2023/11/06 18:03:45;OK;Cheque.pdf;
2023/11/06 18:03:46;OK;Cheque.pdf;
2023/11/06 18:03:47;OK;Cheque.pdf;
2023/11/06 18:03:48;OK;Cheque.pdf;
2023/11/06 18:07:15;OK;Slip.pdf;
2023/11/06 18:07:17;OK;Cheque.pdf;
2023/11/06 18:07:19;OK;Cheque.pdf;
2023/11/06 18:07:21;OK;Cheque.pdf;
2023/11/06 18:07:22;OK;Cheque.pdf;
2023/11/06 18:07:24;OK;Cheque.pdf;
2023/11/06 18:07:26;OK;Cheque.pdf;
2023/11/06 18:07:28;OK;Cheque.pdf;
2023/11/06 18:07:29;OK;Cheque.pdf;
2023/11/06 18:07:31;OK;Cheque.pdf;
2023/11/06 18:07:33;OK;Cheque.pdf;
2023/11/06 18:07:35;OK;Cheque.pdf;
2023/11/06 18:07:37;OK;Cheque.pdf;
2023/11/06 18:07:38;OK;Cheque.pdf;
2023/11/06 18:07:40;OK;Cheque.pdf;
2023/11/06 18:07:42;OK;Cheque.pdf;
2023/11/06 18:07:44;OK;Cheque.pdf;
2023/11/06 18:07:45;OK;Cheque.pdf;
2023/11/10 11:29:45;OK;Slip.pdf;
2023/11/10 11:29:46;OK;Slip.pdf;
2023/11/10 11:29:49;OK;Cheque.pdf;
2023/11/10 11:29:51;OK;Cheque.pdf;
2023/11/10 11:29:52;OK;Cheque.pdf;
2023/11/10 11:29:54;OK;Cheque.pdf;
2023/11/10 11:29:56;OK;Cheque.pdf;
2023/11/10 11:29:58;OK;Cheque.pdf;
2023/11/10 11:29:59;OK;Cheque.pdf;
2023/11/10 11:30:01;OK;Cheque.pdf;
2023/11/10 11:30:03;OK;Cheque.pdf;
2023/11/10 11:30:05;OK;Cheque.pdf;
2023/11/10 11:30:06;OK;Cheque.pdf;
2023/11/10 11:30:08;OK;Cheque.pdf;
2023/11/10 11:30:10;OK;Cheque.pdf;
2023/11/10 11:30:12;OK;Cheque.pdf;
2023/11/10 11:30:14;OK;Cheque.pdf;
2023/11/10 11:30:15;OK;Cheque.pdf;
2023/11/10 11:30:17;OK;Cheque.pdf;
2023/11/10 11:30:19;OK;Cheque.pdf;
2023/11/10 11:30:21;OK;Cheque.pdf;
2023/11/10 11:30:23;OK;Cheque.pdf;
2023/11/10 11:30:24;OK;Cheque.pdf;
2023/11/10 11:30:26;OK;Cheque.pdf;
2023/11/10 11:30:28;OK;Cheque.pdf;
2023/11/10 11:30:30;OK;Cheque.pdf;
2023/11/10 11:30:32;OK;Cheque.pdf;
2023/11/10 11:30:33;OK;Cheque.pdf;
2023/11/10 11:30:35;OK;Cheque.pdf;
2023/11/10 11:30:37;OK;Cheque.pdf;
2023/11/10 11:30:39;OK;Cheque.pdf;
2023/11/10 11:30:40;OK;Cheque.pdf;
2023/11/10 11:30:42;OK;Cheque.pdf;
2023/11/10 11:30:44;OK;Cheque.pdf;
2023/11/10 11:30:46;OK;Cheque.pdf;
2023/11/10 11:30:48;OK;Cheque.pdf;
2023/11/10 11:30:49;OK;Cheque.pdf;
2023/11/10 11:30:51;OK;Cheque.pdf;
2023/11/10 11:30:53;OK;Cheque.pdf;
2023/11/10 11:30:55;OK;Cheque.pdf;
2023/11/10 11:30:57;OK;Cheque.pdf;
2023/11/10 11:30:58;OK;Cheque.pdf;
2023/11/10 11:31:00;OK;Cheque.pdf;
2023/11/10 11:31:02;OK;Cheque.pdf;
2023/11/10 11:31:04;OK;Cheque.pdf;
2023/11/10 11:31:05;OK;Cheque.pdf;
2023/11/10 11:31:07;OK;Cheque.pdf;
2023/11/10 11:31:09;OK;Cheque.pdf;
2023/11/10 11:31:11;OK;Cheque.pdf;
2023/11/10 11:31:13;OK;Cheque.pdf;
2023/11/10 11:31:15;OK;Cheque.pdf;
2023/11/10 11:31:17;OK;Cheque.pdf;
2023/11/10 11:31:19;OK;Cheque.pdf;
2023/11/10 11:31:21;OK;Cheque.pdf;
2023/11/10 11:31:22;OK;Cheque.pdf;
2023/11/10 11:31:24;OK;Cheque.pdf;
2023/11/10 11:31:26;OK;Cheque.pdf;
2023/11/10 11:31:28;OK;Cheque.pdf;
2023/11/10 11:31:30;OK;Cheque.pdf;
2023/11/10 11:31:32;OK;Cheque.pdf;
2023/11/10 11:31:33;OK;Cheque.pdf;
2023/11/10 11:31:35;OK;Cheque.pdf;
2023/11/10 11:31:37;OK;Cheque.pdf;
2023/11/10 11:31:39;OK;Cheque.pdf;
2023/11/10 11:31:40;OK;Cheque.pdf;
2023/11/10 11:31:42;OK;Cheque.pdf;
2023/11/10 11:31:44;OK;Cheque.pdf;
2023/11/10 11:31:46;OK;Cheque.pdf;
2023/11/10 11:31:47;OK;Cheque.pdf;
2023/11/10 11:51:46;OK;Slip.pdf;
2023/11/10 11:51:48;OK;Cheque.pdf;
2023/11/10 11:51:49;OK;Cheque.pdf;
2023/11/10 11:51:51;OK;Cheque.pdf;
2023/11/10 11:51:53;OK;Cheque.pdf;
2023/11/21 16:37:59;OK;Slip.pdf;
2023/11/21 16:38:03;OK;Cheque.pdf;
2023/11/21 16:38:05;OK;Cheque.pdf;
2023/11/21 16:38:07;OK;Cheque.pdf;
2023/11/21 16:38:08;OK;Cheque.pdf;
2023/11/21 16:38:30;OK;Cheque.pdf;
2023/11/21 16:38:32;OK;Cheque.pdf;
2023/11/21 16:38:33;OK;Cheque.pdf;
2023/11/21 16:38:35;OK;Cheque.pdf;
2023/11/21 16:38:37;OK;Cheque.pdf;
2023/11/21 16:38:39;OK;Cheque.pdf;
2023/11/21 16:39:01;OK;Cheque.pdf;
2023/11/21 16:39:03;OK;Cheque.pdf;
2023/11/21 16:39:05;OK;Cheque.pdf;
2023/11/21 16:39:08;OK;Cheque.pdf;
2023/11/21 16:39:32;OK;Cheque.pdf;
2023/11/21 16:39:34;OK;Cheque.pdf;
2023/11/21 16:39:36;OK;Cheque.pdf;
2023/11/21 16:39:38;OK;Cheque.pdf;
2023/11/21 16:39:40;OK;Cheque.pdf;
2023/11/21 16:39:41;OK;Cheque.pdf;
2023/11/21 16:40:03;OK;Cheque.pdf;
2023/11/21 16:40:03;OK;Slip.pdf;
2023/11/21 16:40:04;OK;Slip.pdf;
2023/11/21 16:40:06;OK;Cheque.pdf;
2023/11/21 16:40:07;OK;Cheque.pdf;
2023/11/21 16:40:09;OK;Cheque.pdf;
2023/11/21 16:40:12;OK;Cheque.pdf;
2023/11/21 16:40:34;OK;Cheque.pdf;
2023/11/21 16:40:36;OK;Cheque.pdf;
2023/11/21 16:40:38;OK;Cheque.pdf;
2023/11/21 16:40:40;OK;Cheque.pdf;
2023/11/21 16:40:42;OK;Cheque.pdf;
2023/11/21 16:40:44;OK;Cheque.pdf;
2023/11/21 16:41:05;OK;Cheque.pdf;
2023/11/21 16:41:07;OK;Cheque.pdf;
2023/11/21 16:41:08;OK;Cheque.pdf;
2023/11/21 16:41:10;OK;Cheque.pdf;
2023/11/21 16:41:12;OK;Cheque.pdf;
2023/11/21 16:41:13;OK;Cheque.pdf;
2023/11/21 16:41:36;OK;Cheque.pdf;
2023/11/21 16:41:38;OK;Cheque.pdf;
2023/11/21 16:41:40;OK;Cheque.pdf;
2023/11/21 16:41:41;OK;Cheque.pdf;
2023/11/21 16:41:44;OK;Cheque.pdf;
2023/11/21 16:41:46;OK;Cheque.pdf;
2023/11/21 16:42:07;OK;Cheque.pdf;
2023/11/21 16:42:09;OK;Cheque.pdf;
2023/11/21 16:42:11;OK;Cheque.pdf;
2023/11/21 16:42:13;OK;Cheque.pdf;
2023/11/21 16:42:15;OK;Cheque.pdf;
2023/11/21 16:42:16;OK;Cheque.pdf;
2023/11/21 16:42:18;OK;Cheque.pdf;
2023/11/21 16:42:20;OK;Cheque.pdf;
2023/11/21 16:42:22;OK;Cheque.pdf;
2023/11/21 16:42:24;OK;Cheque.pdf;
2023/11/21 16:42:25;OK;Cheque.pdf;
2023/11/21 16:42:28;OK;Cheque.pdf;
2023/11/21 16:42:29;OK;Cheque.pdf;
2023/11/21 16:42:31;OK;Cheque.pdf;
2023/11/21 16:42:33;OK;Cheque.pdf;
2023/11/21 16:42:34;OK;Cheque.pdf;
2023/11/21 16:42:36;OK;Cheque.pdf;
2023/11/21 16:42:38;OK;Cheque.pdf;
2023/11/21 16:42:40;OK;Cheque.pdf;
2023/11/21 16:42:41;OK;Cheque.pdf;
2023/11/21 16:42:43;OK;Cheque.pdf;
2023/11/21 16:42:45;OK;Cheque.pdf;
2023/11/21 16:42:46;OK;Cheque.pdf;
2023/11/21 16:42:48;OK;Cheque.pdf;
2023/11/21 16:42:51;OK;Cheque.pdf;
2023/11/21 16:42:54;OK;Cheque.pdf;
2023/11/21 16:42:57;OK;Cheque.pdf;
2023/11/21 16:42:58;OK;Cheque.pdf;
2023/11/21 16:43:00;OK;Cheque.pdf;
2023/11/21 16:43:03;OK;Cheque.pdf;
2023/11/21 16:43:05;OK;Cheque.pdf;
2023/11/21 16:43:06;OK;Cheque.pdf;
2023/11/21 16:43:08;OK;Cheque.pdf;
2023/11/21 16:43:10;OK;Cheque.pdf;
2023/11/21 16:43:12;OK;Cheque.pdf;
2023/11/21 16:43:14;OK;Cheque.pdf;
2023/11/21 16:43:16;OK;Cheque.pdf;
2023/11/21 16:43:18;OK;Cheque.pdf;
2023/11/21 16:43:19;OK;Cheque.pdf;
2023/11/21 16:43:21;OK;Cheque.pdf;
2023/11/21 16:43:23;OK;Cheque.pdf;
2023/11/21 16:43:25;OK;Cheque.pdf;
2023/11/21 16:43:27;OK;Cheque.pdf;
2023/11/21 16:43:28;OK;Cheque.pdf;
2023/11/21 16:43:30;OK;Cheque.pdf;
2023/11/21 16:43:32;OK;Cheque.pdf;
2023/11/21 16:43:34;OK;Cheque.pdf;
2023/11/21 16:43:36;OK;Cheque.pdf;
2023/11/21 16:43:38;OK;Cheque.pdf;
2023/11/21 16:43:40;OK;Cheque.pdf;
2023/11/21 16:43:42;OK;Cheque.pdf;
2023/11/21 16:43:43;OK;Cheque.pdf;
2023/11/21 16:43:45;OK;Cheque.pdf;
2023/11/21 16:43:47;OK;Cheque.pdf;
2023/11/21 16:43:49;OK;Cheque.pdf;
2023/11/21 16:43:51;OK;Cheque.pdf;
2023/11/21 16:43:53;OK;Cheque.pdf;
2023/11/21 16:43:54;OK;Cheque.pdf;
2023/11/21 16:43:56;OK;Cheque.pdf;
2023/11/21 16:43:59;OK;Cheque.pdf;
2023/11/21 16:44:01;OK;Cheque.pdf;
2023/11/21 16:44:02;OK;Cheque.pdf;
2023/11/21 16:44:04;OK;Cheque.pdf;
2023/11/21 16:44:06;OK;Cheque.pdf;
2023/11/21 16:44:08;OK;Cheque.pdf;
2023/11/21 16:44:11;OK;Cheque.pdf;
2023/11/21 16:44:12;OK;Cheque.pdf;
2023/11/21 16:44:14;OK;Cheque.pdf;
2023/11/21 16:44:16;OK;Cheque.pdf;
2023/11/21 16:44:18;OK;Cheque.pdf;
2023/11/21 16:47:49;OK;Cheque.pdf;
2023/11/21 16:47:50;OK;Cheque.pdf;
2023/11/21 16:47:51;OK;Cheque.pdf;
2023/11/21 16:47:52;OK;Cheque.pdf;
2023/11/21 16:50:59;OK;Cheque.pdf;
2023/11/21 16:51:00;OK;Cheque.pdf;
2023/11/21 16:51:01;OK;Cheque.pdf;
2023/11/21 16:51:02;OK;Cheque.pdf;
2023/11/21 17:04:08;OK;Cheque.pdf;
2023/11/21 17:04:09;OK;Cheque.pdf;
2023/11/21 17:04:09;OK;Cheque.pdf;
2023/11/21 17:04:11;OK;Cheque.pdf;
2023/11/22 11:45:00;OK;Cheque.pdf;
2023/11/22 11:45:01;OK;Cheque.pdf;
2023/11/22 11:45:02;OK;Cheque.pdf;
2023/11/22 11:45:02;OK;Cheque.pdf;
2023/11/22 11:52:22;OK;Cheque.pdf;
2023/11/22 11:52:23;OK;Cheque.pdf;
2023/11/22 11:52:24;OK;Cheque.pdf;
2023/11/22 11:52:25;OK;Cheque.pdf;
2023/11/22 13:20:56;OK;Cheque.pdf;
2023/11/22 13:20:57;OK;Cheque.pdf;
2023/11/22 13:20:58;OK;Cheque.pdf;
2023/11/22 13:20:59;OK;Cheque.pdf;
2023/11/22 13:22:29;OK;Cheque.pdf;
2023/11/22 13:22:30;OK;Cheque.pdf;
2023/11/22 13:22:31;OK;Cheque.pdf;
2023/11/22 13:22:32;OK;Cheque.pdf;
2023/11/22 13:31:48;OK;Cheque.pdf;
2023/11/22 14:03:44;OK;Slip.pdf;
2023/11/22 15:29:51;OK;Slip.pdf;
2023/11/22 15:31:43;OK;Slip.pdf;
2023/11/22 17:18:38;OK;Slip.pdf;
2023/11/22 17:18:39;OK;Slip1.pdf;
2023/11/22 17:19:18;OK;Slip.pdf;
2023/11/22 17:20:20;OK;Slip.pdf;
2023/11/22 17:20:22;OK;Slip1.pdf;
2023/11/22 17:23:24;OK;Slip.pdf;
2023/11/22 17:25:11;OK;Slip.pdf;
2023/11/22 17:25:53;OK;Slip.pdf;
2023/11/22 17:27:00;OK;Slip.pdf;
2023/11/22 17:27:44;OK;Slip.pdf;
2023/11/22 17:27:44;OK;Slip1.pdf;
2023/11/22 17:28:49;OK;Slip.pdf;
2023/11/22 17:29:59;OK;Slip.pdf;
2023/11/22 17:30:00;OK;Slip1.pdf;
2023/11/22 17:31:33;OK;Slip.pdf;
2023/11/22 17:33:09;OK;Slip.pdf;
2023/11/22 17:34:31;OK;Slip.pdf;
2023/11/22 17:35:00;OK;Slip.pdf;
2023/11/22 17:35:23;OK;Slip.pdf;
2023/11/22 17:35:24;OK;Slip1.pdf;
2023/11/22 17:40:01;OK;Slip.pdf;
2023/11/22 17:40:21;OK;Slip.pdf;
2023/11/22 17:41:24;OK;Slip.pdf;
2023/11/22 17:41:56;OK;Slip.pdf;
2023/11/22 17:43:09;OK;Slip.pdf;
2023/11/22 17:44:25;OK;Slip.pdf;
2023/11/22 17:58:46;OK;Slip.pdf;
2023/11/22 17:59:56;OK;Slip.pdf;
2023/11/22 18:01:57;OK;Slip.pdf;
2023/11/22 18:04:38;OK;Slip.pdf;
2023/11/22 18:08:54;OK;Slip.pdf;
2023/11/22 18:10:38;OK;Slip.pdf;
2023/11/22 18:12:36;OK;Slip.pdf;
2023/11/22 18:14:54;OK;Slip.pdf;
2023/11/22 18:15:14;OK;Slip.pdf;
2023/11/22 18:15:37;OK;Slip.pdf;
2023/11/22 18:16:34;OK;Slip.pdf;
2023/11/22 18:17:43;OK;Slip.pdf;
2023/11/22 18:19:40;OK;Slip.pdf;
2023/11/22 18:20:46;OK;Slip.pdf;
2023/11/22 18:22:22;OK;Slip.pdf;
2023/11/22 18:24:42;OK;Slip.pdf;
2023/11/22 18:28:36;OK;Slip.pdf;
2023/11/22 18:29:40;OK;Slip.pdf;
2023/11/22 18:29:55;OK;Slip.pdf;
2023/11/22 18:32:18;OK;Slip.pdf;
2023/11/22 18:33:01;OK;Slip.pdf;
2023/11/22 18:33:02;OK;Slip1.pdf;
2023/11/22 18:33:03;OK;Slip2.pdf;
2023/11/22 18:33:04;OK;Slip.pdf;
2023/11/22 18:35:27;OK;Slip.pdf;
2023/11/22 18:35:28;OK;Slip1.pdf;
2023/11/22 18:41:13;OK;Slip.pdf;
2023/11/22 18:41:14;OK;Slip1.pdf;
2023/11/22 18:41:15;OK;Slip2.pdf;
2023/11/22 19:03:59;OK;Slip.pdf;
2023/11/22 19:04:00;OK;Slip1.pdf;
2023/11/22 19:04:01;OK;Slip2.pdf;
2023/11/22 19:04:01;OK;Slip.pdf;
2023/11/22 19:06:44;OK;Slip.pdf;
2023/11/22 19:06:45;OK;Slip1.pdf;
2023/11/22 19:08:00;OK;Slip.pdf;
2023/11/22 19:08:01;OK;Slip1.pdf;
2023/11/22 19:08:02;OK;Slip2.pdf;
2023/11/22 19:09:11;OK;Slip.pdf;
2023/11/22 19:09:11;OK;Slip1.pdf;
2023/11/22 19:09:12;OK;Slip2.pdf;
2023/11/22 19:09:14;OK;Slip.pdf;
2023/11/22 19:11:31;OK;Cheque.pdf;
2023/11/22 19:12:53;OK;Cheque.pdf;
2023/11/22 19:13:44;OK;Cheque.pdf;
2023/11/22 19:15:23;OK;Cheque.pdf;
2023/11/22 19:20:59;OK;Cheque.pdf;
2023/11/22 19:23:35;OK;Cheque.pdf;
2023/11/22 19:25:17;OK;Cheque.pdf;
2023/11/22 19:27:36;OK;Cheque.pdf;
2023/11/22 19:29:28;OK;Cheque.pdf;
2023/11/22 19:31:03;OK;Cheque.pdf;
2023/11/22 19:32:14;OK;Cheque.pdf;
2023/11/22 19:35:59;OK;Slip.pdf;
2023/11/22 19:36:00;OK;Slip1.pdf;
2023/11/22 19:36:00;OK;Slip2.pdf;
2023/11/22 19:36:01;OK;Slip.pdf;
2023/11/22 19:36:02;OK;Slip1.pdf;
2023/11/23 10:39:32;OK;Slip.pdf;
2023/11/23 10:40:23;OK;Slip.pdf;
2023/11/23 10:40:25;OK;Slip1.pdf;
2023/11/23 10:40:26;OK;Slip2.pdf;
2023/11/23 10:44:12;OK;Slip.pdf;
2023/11/23 10:44:13;OK;Slip1.pdf;
2023/11/23 10:44:14;OK;Slip2.pdf;
2023/11/23 10:44:15;OK;Slip.pdf;
2023/11/23 10:44:16;OK;Slip1.pdf;
2023/11/23 11:00:15;OK;Slip.pdf;
2023/11/23 11:00:16;OK;Slip1.pdf;
2023/11/23 11:02:45;OK;Slip.pdf;
2023/11/23 11:02:46;OK;Slip1.pdf;
2023/11/23 11:05:52;OK;Slip.pdf;
2023/11/23 11:05:52;OK;Slip1.pdf;
2023/12/13 12:35:36;OK;Slip.pdf;
2023/12/13 12:35:38;OK;Cheque.pdf;
2023/12/13 12:35:39;OK;Cheque.pdf;
2023/12/13 12:35:40;OK;Cheque.pdf;
2023/12/13 12:35:41;OK;Cheque.pdf;
2023/12/13 12:37:05;OK;Slip.pdf;
2023/12/13 12:37:07;OK;Cheque.pdf;
2023/12/13 12:37:09;OK;Cheque.pdf;
2023/12/13 12:37:11;OK;Cheque.pdf;
2023/12/13 12:37:13;OK;Cheque.pdf;
2023/12/13 12:37:15;OK;Cheque.pdf;
2023/12/13 12:37:17;OK;Cheque.pdf;
2023/12/13 12:37:18;OK;Cheque.pdf;
2023/12/13 12:37:19;OK;Cheque.pdf;
2023/12/13 12:37:20;OK;Cheque.pdf;
2023/12/13 12:37:21;OK;Cheque.pdf;
2023/12/13 12:37:22;OK;Cheque.pdf;
2023/12/13 12:37:23;OK;Cheque.pdf;
2023/12/13 12:37:24;OK;Cheque.pdf;
2023/12/13 12:37:30;OK;Slip.pdf;
2023/12/13 12:37:31;OK;Cheque.pdf;
2023/12/13 12:37:33;OK;Cheque.pdf;
2023/12/13 12:37:34;OK;Cheque.pdf;
2023/12/13 12:37:36;OK;Cheque.pdf;
2023/12/13 12:37:38;OK;Cheque.pdf;
2023/12/13 12:37:39;OK;Cheque.pdf;
2023/12/13 12:37:41;OK;Cheque.pdf;
2023/12/13 12:37:43;OK;Cheque.pdf;
2023/12/13 12:37:44;OK;Cheque.pdf;
2023/12/13 12:37:45;OK;Cheque.pdf;
2023/12/13 12:39:23;OK;Slip.pdf;
2023/12/13 12:39:24;OK;Slip1.pdf;
2023/12/13 12:39:25;OK;Slip2.pdf;
2023/12/13 12:39:26;OK;Slip.pdf;
2023/12/13 12:39:27;OK;Slip1.pdf;
2023/12/13 12:39:28;OK;Cheque.pdf;
2023/12/13 12:39:29;OK;Cheque.pdf;
2023/12/13 12:39:31;OK;Cheque.pdf;
2023/12/13 12:39:32;OK;Cheque.pdf;
2023/12/13 12:39:34;OK;Cheque.pdf;
2023/12/13 12:39:34;OK;Cheque.pdf;
2023/12/13 12:39:36;OK;Cheque.pdf;
2023/12/13 12:39:38;OK;Cheque.pdf;
2023/12/13 12:39:39;OK;Cheque.pdf;
2023/12/13 12:39:39;OK;Cheque.pdf;
2023/12/13 12:39:40;OK;Cheque.pdf;
2023/12/13 12:39:41;OK;Cheque.pdf;
2023/12/13 12:39:42;OK;Cheque.pdf;
2023/12/13 12:39:43;OK;Cheque.pdf;
2023/12/13 12:39:44;OK;Cheque.pdf;
2023/12/13 12:39:57;OK;Slip.pdf;
2023/12/13 12:39:58;OK;Slip1.pdf;
2023/12/13 12:39:58;OK;Slip2.pdf;
2023/12/13 12:39:59;OK;Slip.pdf;
2023/12/13 12:40:00;OK;Slip1.pdf;
2023/12/13 12:40:01;OK;Cheque.pdf;
2023/12/13 12:40:02;OK;Cheque.pdf;
2023/12/13 12:40:04;OK;Cheque.pdf;
2023/12/13 12:40:05;OK;Cheque.pdf;
2023/12/13 12:40:07;OK;Cheque.pdf;
2023/12/13 12:40:08;OK;Cheque.pdf;
2023/12/13 12:40:10;OK;Cheque.pdf;
2023/12/13 12:40:11;OK;Cheque.pdf;
2023/12/13 12:40:13;OK;Cheque.pdf;
2023/12/13 12:40:15;OK;Cheque.pdf;
2023/12/13 12:40:16;OK;Cheque.pdf;
2023/12/13 12:40:18;OK;Cheque.pdf;
2023/12/13 12:40:20;OK;Cheque.pdf;
2023/12/13 12:41:14;OK;Slip.pdf;
2023/12/13 12:41:14;OK;Slip1.pdf;
2023/12/13 12:41:15;OK;Slip2.pdf;
2023/12/13 12:41:16;OK;Slip.pdf;
2023/12/13 12:42:10;OK;Slip.pdf;
2023/12/13 12:42:11;OK;Slip1.pdf;
2023/12/13 12:42:11;OK;Slip2.pdf;
2023/12/13 12:42:12;OK;Slip.pdf;
2023/12/13 12:44:05;OK;Slip.pdf;
2023/12/13 12:44:06;OK;Slip1.pdf;
2023/12/13 12:44:06;OK;Slip2.pdf;
2023/12/13 12:44:07;OK;Slip.pdf;
2023/12/13 12:44:56;OK;Slip.pdf;
2023/12/13 12:44:56;OK;Slip1.pdf;
2023/12/13 12:44:57;OK;Slip2.pdf;
2023/12/13 12:44:58;OK;Slip.pdf;
2023/12/13 12:45:29;OK;Slip.pdf;
2023/12/13 12:45:30;OK;Slip1.pdf;
2023/12/13 12:45:31;OK;Slip2.pdf;
2023/12/13 12:45:32;OK;Slip.pdf;
2023/12/13 12:45:33;OK;Cheque.pdf;
2023/12/13 12:45:35;OK;Cheque.pdf;
2023/12/13 12:45:37;OK;Cheque.pdf;
2023/12/13 12:45:38;OK;Cheque.pdf;
2023/12/13 12:45:40;OK;Cheque.pdf;
2023/12/13 12:45:41;OK;Cheque.pdf;
2023/12/13 12:45:43;OK;Cheque.pdf;
2023/12/13 12:45:45;OK;Cheque.pdf;
2023/12/13 12:45:46;OK;Cheque.pdf;
2023/12/13 12:45:48;OK;Cheque.pdf;
2023/12/13 12:45:50;OK;Cheque.pdf;
2023/12/13 12:45:51;OK;Cheque.pdf;
2023/12/13 12:45:53;OK;Cheque.pdf;
2023/12/13 12:45:55;OK;Cheque.pdf;
2023/12/13 12:45:56;OK;Cheque.pdf;
2023/12/13 12:45:58;OK;Cheque.pdf;
2023/12/13 12:46:00;OK;Cheque.pdf;
2023/12/13 12:46:01;OK;Cheque.pdf;
2023/12/13 12:46:03;OK;Cheque.pdf;
2023/12/13 12:46:05;OK;Cheque.pdf;
2023/12/13 12:46:06;OK;Cheque.pdf;
2023/12/13 12:46:08;OK;Cheque.pdf;
2023/12/13 12:46:09;OK;Cheque.pdf;
2023/12/13 12:46:11;OK;Cheque.pdf;
2023/12/13 12:46:11;OK;Cheque.pdf;
2023/12/13 12:46:13;OK;Cheque.pdf;
2023/12/13 12:46:14;OK;Cheque.pdf;
2023/12/13 12:46:15;OK;Cheque.pdf;
2023/12/13 12:46:16;OK;Cheque.pdf;
2023/12/13 12:46:18;OK;Cheque.pdf;
2023/12/13 12:46:19;OK;Cheque.pdf;
2023/12/13 12:46:20;OK;Cheque.pdf;
2023/12/13 12:46:21;OK;Cheque.pdf;
2023/12/13 12:46:23;OK;Cheque.pdf;
2023/12/13 12:46:24;OK;Cheque.pdf;
2023/12/13 12:46:25;OK;Cheque.pdf;
2023/12/13 12:46:27;OK;Cheque.pdf;
2023/12/13 12:46:28;OK;Cheque.pdf;
2023/12/13 12:46:29;OK;Cheque.pdf;
2023/12/13 12:46:30;OK;Cheque.pdf;
2023/12/13 12:46:32;OK;Cheque.pdf;
2023/12/13 12:46:33;OK;Cheque.pdf;
2023/12/13 12:46:34;OK;Cheque.pdf;
2023/12/13 12:46:36;OK;Cheque.pdf;
2023/12/13 12:46:38;OK;Cheque.pdf;
2023/12/13 12:46:39;OK;Cheque.pdf;
2023/12/13 12:46:41;OK;Cheque.pdf;
2023/12/13 12:46:42;OK;Cheque.pdf;
2023/12/13 12:46:44;OK;Cheque.pdf;
2023/12/13 12:46:46;OK;Cheque.pdf;
2023/12/13 12:46:47;OK;Cheque.pdf;
2023/12/13 12:46:49;OK;Cheque.pdf;
2023/12/13 12:46:51;OK;Cheque.pdf;
2023/12/13 12:46:52;OK;Cheque.pdf;
2023/12/13 12:46:53;OK;Cheque.pdf;
2023/12/13 12:46:55;OK;Cheque.pdf;
2023/12/13 12:46:56;OK;Cheque.pdf;
2023/12/13 12:46:57;OK;Cheque.pdf;
2023/12/13 12:46:58;OK;Cheque.pdf;
2023/12/13 12:47:00;OK;Cheque.pdf;
2023/12/13 12:47:01;OK;Cheque.pdf;
2023/12/13 12:47:03;OK;Cheque.pdf;
2023/12/13 12:47:05;OK;Cheque.pdf;
2023/12/13 12:47:06;OK;Cheque.pdf;
2023/12/13 12:47:07;OK;Cheque.pdf;
2023/12/13 12:47:09;OK;Cheque.pdf;
2023/12/13 12:47:10;OK;Cheque.pdf;
2023/12/13 12:47:12;OK;Cheque.pdf;
2023/12/13 12:47:13;OK;Cheque.pdf;
2023/12/13 12:47:15;OK;Cheque.pdf;
2023/12/13 12:47:17;OK;Cheque.pdf;
2023/12/13 12:47:18;OK;Cheque.pdf;
2023/12/13 12:47:20;OK;Cheque.pdf;
2023/12/13 12:47:22;OK;Cheque.pdf;
2024/01/05 13:09:37;OK;Slip.pdf;
2024/01/05 13:09:38;OK;Slip1.pdf;
2024/01/05 13:09:39;OK;Cheque.pdf;
2024/01/05 13:09:40;OK;Cheque.pdf;
2024/01/05 13:09:41;OK;Cheque.pdf;
2024/01/05 13:09:42;OK;Cheque.pdf;
2024/01/05 13:09:42;OK;Cheque.pdf;
2024/01/05 13:09:44;OK;Cheque.pdf;
2024/01/05 13:09:44;OK;Cheque.pdf;
2024/01/05 13:09:45;OK;Cheque.pdf;
2024/01/05 13:09:46;OK;Cheque.pdf;
2024/01/05 13:09:47;OK;Cheque.pdf;
2024/01/05 13:09:48;OK;Cheque.pdf;
2024/01/05 13:09:49;OK;Cheque.pdf;
2024/01/05 13:09:50;OK;Cheque.pdf;
2024/01/05 13:09:51;OK;Cheque.pdf;
2024/01/05 13:09:51;OK;Cheque.pdf;
2024/01/05 13:09:52;OK;Cheque.pdf;
2024/01/05 13:09:53;OK;Cheque.pdf;
2024/01/05 13:09:54;OK;Cheque.pdf;
2024/01/05 13:09:55;OK;Cheque.pdf;
2024/01/05 13:09:56;OK;Cheque.pdf;
2024/01/05 13:09:57;OK;Cheque.pdf;
2024/01/05 13:09:58;OK;Cheque.pdf;
2024/01/05 13:09:58;OK;Cheque.pdf;
2024/01/05 13:09:59;OK;Cheque.pdf;
2024/01/05 13:10:00;OK;Cheque.pdf;
2024/01/05 13:10:01;OK;Cheque.pdf;
2024/01/05 13:10:02;OK;Cheque.pdf;
2024/01/05 13:10:03;OK;Cheque.pdf;
2024/01/05 13:10:04;OK;Cheque.pdf;
2024/01/05 13:10:05;OK;Cheque.pdf;
2024/01/05 13:10:05;OK;Cheque.pdf;
2024/01/05 13:10:06;OK;Cheque.pdf;
2024/01/05 13:10:07;OK;Cheque.pdf;
2024/01/05 13:10:08;OK;Cheque.pdf;
2024/01/05 13:10:09;OK;Cheque.pdf;
2024/01/05 13:10:10;OK;Cheque.pdf;
2024/01/05 13:10:11;OK;Cheque.pdf;
2024/01/05 13:10:11;OK;Cheque.pdf;
2024/01/05 13:10:12;OK;Cheque.pdf;
2024/01/05 13:10:13;OK;Cheque.pdf;
2024/01/05 13:10:14;OK;Cheque.pdf;
2024/01/05 13:10:15;OK;Cheque.pdf;
2024/01/05 13:10:15;OK;Cheque.pdf;
2024/01/05 13:10:16;OK;Cheque.pdf;
2024/01/05 13:10:17;OK;Cheque.pdf;
2024/01/05 13:10:18;OK;Cheque.pdf;
2024/01/05 13:10:19;OK;Cheque.pdf;
2024/01/05 13:10:19;OK;Cheque.pdf;
2024/01/05 13:10:20;OK;Cheque.pdf;
2024/01/05 13:10:21;OK;Cheque.pdf;
2024/01/05 13:10:22;OK;Cheque.pdf;
2024/01/05 13:10:23;OK;Cheque.pdf;
2024/01/05 13:10:24;OK;Cheque.pdf;
2024/01/05 13:10:24;OK;Cheque.pdf;
2024/01/05 13:10:25;OK;Cheque.pdf;
2024/01/05 13:10:26;OK;Cheque.pdf;
2024/01/05 13:10:27;OK;Cheque.pdf;
2024/01/05 13:10:28;OK;Cheque.pdf;
2024/01/05 13:10:28;OK;Cheque.pdf;
2024/01/05 13:10:29;OK;Cheque.pdf;
2024/01/05 13:10:30;OK;Cheque.pdf;
2024/01/05 13:10:31;OK;Cheque.pdf;
2024/01/05 13:10:32;OK;Cheque.pdf;
2024/01/05 13:10:33;OK;Cheque.pdf;
2024/01/05 13:10:33;OK;Cheque.pdf;
2024/01/05 13:10:34;OK;Cheque.pdf;
2024/01/05 13:10:35;OK;Cheque.pdf;
2024/01/05 13:41:39;OK;Slip.pdf;
2024/01/05 13:41:40;OK;Cheque.pdf;
2024/01/05 13:41:41;OK;Cheque.pdf;
2024/01/05 13:41:42;OK;Cheque.pdf;
2024/01/05 13:41:43;OK;Cheque.pdf;
2024/01/05 13:42:11;OK;Slip.pdf;
2024/01/05 13:42:12;OK;Slip1.pdf;
2024/01/05 13:42:13;OK;Slip2.pdf;
2024/01/05 13:42:14;OK;Cheque.pdf;
2024/01/05 13:42:15;OK;Cheque.pdf;
2024/01/05 13:42:16;OK;Cheque.pdf;
2024/01/05 13:42:16;OK;Cheque.pdf;
2024/01/05 13:42:17;OK;Cheque.pdf;
2024/01/05 13:42:18;OK;Cheque.pdf;
2024/01/05 13:42:19;OK;Cheque.pdf;
2024/01/05 13:42:20;OK;Cheque.pdf;
2024/01/05 13:42:21;OK;Cheque.pdf;
2024/01/05 13:42:22;OK;Cheque.pdf;
2024/01/05 13:42:23;OK;Cheque.pdf;
2024/01/05 13:42:24;OK;Cheque.pdf;
2024/01/05 13:42:25;OK;Cheque.pdf;
2024/01/05 13:42:26;OK;Cheque.pdf;
2024/01/05 13:42:27;OK;Cheque.pdf;
2024/01/05 13:42:28;OK;Cheque.pdf;
2024/01/05 13:42:29;OK;Cheque.pdf;
2024/01/05 13:42:30;OK;Cheque.pdf;
2024/01/05 13:42:31;OK;Cheque.pdf;
2024/01/05 13:42:32;OK;Cheque.pdf;
2024/01/05 13:42:33;OK;Cheque.pdf;
2024/01/05 13:42:34;OK;Cheque.pdf;
2024/01/05 13:42:34;OK;Cheque.pdf;
2024/01/05 13:42:35;OK;Cheque.pdf;
2024/01/05 13:42:36;OK;Cheque.pdf;
2024/01/05 13:42:37;OK;Cheque.pdf;
2024/01/05 13:42:38;OK;Cheque.pdf;
2024/01/05 13:42:39;OK;Cheque.pdf;
2024/01/05 13:42:40;OK;Cheque.pdf;
2024/01/05 13:42:41;OK;Cheque.pdf;
2024/01/05 13:42:42;OK;Cheque.pdf;
2024/01/05 13:42:43;OK;Cheque.pdf;
2024/01/05 13:42:44;OK;Cheque.pdf;
2024/01/05 13:42:44;OK;Cheque.pdf;
2024/01/05 13:42:46;OK;Cheque.pdf;
2024/01/05 13:42:47;OK;Cheque.pdf;
2024/01/05 13:42:48;OK;Cheque.pdf;
2024/01/05 13:42:49;OK;Cheque.pdf;
2024/01/05 13:42:50;OK;Cheque.pdf;
2024/01/05 13:42:51;OK;Cheque.pdf;
2024/01/05 13:42:52;OK;Cheque.pdf;
2024/01/05 13:42:53;OK;Cheque.pdf;
2024/01/05 13:42:54;OK;Cheque.pdf;
2024/01/05 13:42:54;OK;Cheque.pdf;
2024/01/05 13:42:55;OK;Cheque.pdf;
2024/01/05 13:42:56;OK;Cheque.pdf;
2024/01/05 13:42:57;OK;Cheque.pdf;
2024/01/05 13:42:58;OK;Cheque.pdf;
2024/01/05 13:42:59;OK;Cheque.pdf;
2024/01/05 13:43:00;OK;Cheque.pdf;
2024/01/05 13:43:01;OK;Cheque.pdf;
2024/01/05 13:43:02;OK;Cheque.pdf;
2024/01/05 13:43:02;OK;Cheque.pdf;
2024/01/05 13:43:03;OK;Cheque.pdf;
2024/01/05 13:43:04;OK;Cheque.pdf;
2024/01/05 13:43:05;OK;Cheque.pdf;
2024/01/05 13:43:06;OK;Cheque.pdf;
2024/01/05 13:43:07;OK;Cheque.pdf;
2024/01/05 13:43:08;OK;Cheque.pdf;
2024/01/05 13:43:09;OK;Cheque.pdf;
2024/01/05 13:43:10;OK;Cheque.pdf;
2024/01/05 13:43:11;OK;Cheque.pdf;
2024/01/05 13:43:12;OK;Cheque.pdf;
2024/01/05 13:43:12;OK;Cheque.pdf;
2024/01/05 13:43:13;OK;Cheque.pdf;
2024/01/05 13:43:14;OK;Cheque.pdf;
2024/01/05 13:43:15;OK;Cheque.pdf;
2024/01/05 13:43:16;OK;Cheque.pdf;
2024/01/05 13:43:17;OK;Cheque.pdf;
2024/01/05 13:43:18;OK;Cheque.pdf;
